<?xml version='1.0'?>
<ns2:test-suite xmlns:ns2='urn:model.allure.qatools.yandex.ru' start='1615997456667' stop='1615997497697'>
    <name>Composition modal:</name>
    <title>Composition modal:</title>
    <test-cases>
        <test-case start='1615997457175' status='failed' stop='1615997461441'>
            <name>Opens composition modal with expected content</name>
            <title>Opens composition modal with expected content</title>
            <labels>
                <label name='testType' value='screenshotDiff'/>
            </labels>
            <parameters/>
            <steps>
                <step start='1615997457190' status='passed' stop='1615997457191'>
                    <name>I use playwright to "Detect current browser", async ({ browser }) => {
                        const browserObject = await browser;
                    
                        currentBrowser = browserObject._initializer.name;
                        console.log('Current browser is:', currentBrowser);
                      }</name>
                    <title>I use playwright to "Detect current browser", async ({ browser }) => {
                        const browserObject = await browser;
                    
                        currentBrowser = browserObject._initializer.name;
                        console.log('Current browser is:', currentBrowser);
                      }</title>
                    <attachments/>
                    <steps/>
                </step>
                <step start='1615997457191' status='passed' stop='1615997458413'>
                    <name>I am on page "/"</name>
                    <title>I am on page "/"</title>
                    <attachments/>
                    <steps/>
                </step>
                <step start='1615997458413' status='passed' stop='1615997458735'>
                    <name>I click "Select", "button[data-test-id=select-composition-modal]"</name>
                    <title>I click "Select", "button[data-test-id=select-composition-modal]"</title>
                    <attachments/>
                    <steps/>
                </step>
                <step start='1615997458735' status='passed' stop='1615997461052'>
                    <name>I wait for element "//h6[contains(text(), "50 results")]", 15</name>
                    <title>I wait for element "//h6[contains(text(), "50 results")]", 15</title>
                    <attachments/>
                    <steps/>
                </step>
                <step start='1615997461052' status='passed' stop='1615997461113'>
                    <name>I save screenshot "composition_modal_loaded.png"</name>
                    <title>I save screenshot "composition_modal_loaded.png"</title>
                    <attachments/>
                    <steps/>
                </step>
                <step start='1615997461113' status='passed' stop='1615997461423'>
                    <name>I see visual diff "composition_modal_loaded.png", {"tolerance":1,"prepareBaseImage":true}</name>
                    <title>I see visual diff "composition_modal_loaded.png", {"tolerance":1,"prepareBaseImage":true}</title>
                    <attachments/>
                    <steps/>
                </step>
                <step start='1615997461423' status='passed' stop='1615997461431'>
                    <name>I see "50 results"</name>
                    <title>I see "50 results"</title>
                    <attachments/>
                    <steps/>
                </step>
                <step start='1615997461432' status='failed' stop='1615997461440'>
                    <name>I see "Composer"</name>
                    <title>I see "Composer"</title>
                    <attachments/>
                    <steps/>
                </step>
            </steps>
            <attachments>
                <attachment title='Last Seen Screenshot' source='b6d7f531-fa4d-4d33-9667-39fc5cce1913-attachment.png' type='image/png' size='140567'/>
            </attachments>
            <failure>
                <message></message>
                <stack-trace>undefined</stack-trace>
            </failure>
        </test-case>
        <test-case start='1615997461510' status='passed' stop='1615997462931'>
            <name>Language switcher initially loads English</name>
            <title>Language switcher initially loads English</title>
            <labels>
                <label name='testType' value='screenshotDiff'/>
            </labels>
            <parameters/>
            <steps>
                <step start='1615997461513' status='passed' stop='1615997462456'>
                    <name>I am on page "/"</name>
                    <title>I am on page "/"</title>
                    <attachments/>
                    <steps/>
                </step>
                <step start='1615997462456' status='passed' stop='1615997462756'>
                    <name>I click "Select", "button[data-test-id=select-composition-modal]"</name>
                    <title>I click "Select", "button[data-test-id=select-composition-modal]"</title>
                    <attachments/>
                    <steps/>
                </step>
                <step start='1615997462756' status='passed' stop='1615997462777'>
                    <name>I see "English"</name>
                    <title>I see "English"</title>
                    <attachments/>
                    <steps/>
                </step>
                <step start='1615997462777' status='passed' stop='1615997462834'>
                    <name>I save screenshot "composition_modal_language_switcher_loaded.png"</name>
                    <title>I save screenshot "composition_modal_language_switcher_loaded.png"</title>
                    <attachments/>
                    <steps/>
                </step>
                <step start='1615997462834' status='passed' stop='1615997462931'>
                    <name>I see visual diff "composition_modal_language_switcher_loaded.png", {"tolerance":1,"prepareBaseImage":true,"outputSettings":{}}</name>
                    <title>I see visual diff "composition_modal_language_switcher_loaded.png", {"tolerance":1,"prepareBaseImage":true,"outputSettings":{}}</title>
                    <attachments/>
                    <steps/>
                </step>
            </steps>
            <attachments/>
        </test-case>
        <test-case start='1615997462937' status='passed' stop='1615997466029'>
            <name>Language switcher can select Dutch language</name>
            <title>Language switcher can select Dutch language</title>
            <labels>
                <label name='testType' value='screenshotDiff'/>
            </labels>
            <parameters/>
            <steps>
                <step start='1615997462939' status='passed' stop='1615997463900'>
                    <name>I am on page "/"</name>
                    <title>I am on page "/"</title>
                    <attachments/>
                    <steps/>
                </step>
                <step start='1615997463900' status='passed' stop='1615997464199'>
                    <name>I click "Select", "button[data-test-id=select-composition-modal]"</name>
                    <title>I click "Select", "button[data-test-id=select-composition-modal]"</title>
                    <attachments/>
                    <steps/>
                </step>
                <step start='1615997464199' status='passed' stop='1615997464393'>
                    <name>I click "English", {"xpath":"//header//li[1]"}</name>
                    <title>I click "English", {"xpath":"//header//li[1]"}</title>
                    <attachments/>
                    <steps/>
                </step>
                <step start='1615997464393' status='passed' stop='1615997464660'>
                    <name>I click "Dutch", {"xpath":"//ul//li[2]"}</name>
                    <title>I click "Dutch", {"xpath":"//ul//li[2]"}</title>
                    <attachments/>
                    <steps/>
                </step>
                <step start='1615997464660' status='passed' stop='1615997465884'>
                    <name>I see "Nederlands"</name>
                    <title>I see "Nederlands"</title>
                    <attachments/>
                    <steps/>
                </step>
                <step start='1615997465884' status='passed' stop='1615997465932'>
                    <name>I save screenshot "composition_modal_language_switcher_dutch_selected.png"</name>
                    <title>I save screenshot "composition_modal_language_switcher_dutch_selected.png"</title>
                    <attachments/>
                    <steps/>
                </step>
                <step start='1615997465932' status='passed' stop='1615997466029'>
                    <name>I see visual diff "composition_modal_language_switcher_dutch_selected.png", {"tolerance":1,"prepareBaseImage":true,"outputSettings":{}}</name>
                    <title>I see visual diff "composition_modal_language_switcher_dutch_selected.png", {"tolerance":1,"prepareBaseImage":true,"outputSettings":{}}</title>
                    <attachments/>
                    <steps/>
                </step>
            </steps>
            <attachments/>
        </test-case>
        <test-case start='1615997466412' status='failed' stop='1615997469729'>
            <name>Selects composition from modal</name>
            <title>Selects composition from modal</title>
            <labels>
                <label name='testType' value='screenshotDiff'/>
            </labels>
            <parameters/>
            <steps>
                <step start='1615997466414' status='passed' stop='1615997467392'>
                    <name>I am on page "/"</name>
                    <title>I am on page "/"</title>
                    <attachments/>
                    <steps/>
                </step>
                <step start='1615997467392' status='passed' stop='1615997467690'>
                    <name>I click "Select", "button[data-test-id=select-composition-modal]"</name>
                    <title>I click "Select", "button[data-test-id=select-composition-modal]"</title>
                    <attachments/>
                    <steps/>
                </step>
                <step start='1615997467690' status='passed' stop='1615997469706'>
                    <name>I wait for element "//h6[contains(text(), "50 results")]", 15</name>
                    <title>I wait for element "//h6[contains(text(), "50 results")]", 15</title>
                    <attachments/>
                    <steps/>
                </step>
                <step start='1615997469706' status='failed' stop='1615997469729'>
                    <name>I click "Tis by thy strength the mountains stand", "div[data-test-id=first-search-result]"</name>
                    <title>I click "Tis by thy strength the mountains stand", "div[data-test-id=first-search-result]"</title>
                    <attachments/>
                    <steps/>
                </step>
            </steps>
            <attachments>
                <attachment title='Last Seen Screenshot' source='3b0efe2a-0e71-4128-88f1-c114573ba2df-attachment.png' type='image/png' size='140567'/>
            </attachments>
            <failure>
                <message>Clickable element "Tis by thy strength the mountains stand" was not found inside element div[data-test-id=first-search-result]</message>
                <stack-trace>Error: Clickable element "Tis by thy strength the mountains stand" was not found inside element div[data-test-id=first-search-result]
                    at new ElementNotFound (/Users/demmyhonoredevries/Code/VIDEODOCK/trompa-multimodal-component/node_modules/codeceptjs/lib/helper/errors/ElementNotFound.js:14:11)
                    at assertElementExists (/Users/demmyhonoredevries/Code/VIDEODOCK/trompa-multimodal-component/node_modules/codeceptjs/lib/helper/Playwright.js:2423:11)
                    at Playwright.proceedClick (/Users/demmyhonoredevries/Code/VIDEODOCK/trompa-multimodal-component/node_modules/codeceptjs/lib/helper/Playwright.js:2180:5)</stack-trace>
            </failure>
        </test-case>
        <test-case start='1615997469801' status='failed' stop='1615997473106'>
            <name>Opens composition source link from modal</name>
            <title>Opens composition source link from modal</title>
            <labels>
                <label name='testType' value='screenshotDiff'/>
            </labels>
            <parameters/>
            <steps>
                <step start='1615997469803' status='passed' stop='1615997469803'>
                    <name>I close other tabs </name>
                    <title>I close other tabs </title>
                    <attachments/>
                    <steps/>
                </step>
                <step start='1615997469803' status='passed' stop='1615997470780'>
                    <name>I am on page "/"</name>
                    <title>I am on page "/"</title>
                    <attachments/>
                    <steps/>
                </step>
                <step start='1615997470780' status='passed' stop='1615997471083'>
                    <name>I click "Select", "button[data-test-id=select-composition-modal]"</name>
                    <title>I click "Select", "button[data-test-id=select-composition-modal]"</title>
                    <attachments/>
                    <steps/>
                </step>
                <step start='1615997471083' status='passed' stop='1615997473087'>
                    <name>I wait for element "//h6[contains(text(), "50 results")]", 15</name>
                    <title>I wait for element "//h6[contains(text(), "50 results")]", 15</title>
                    <attachments/>
                    <steps/>
                </step>
                <step start='1615997473087' status='failed' stop='1615997473106'>
                    <name>I click "cpdl.org", "div[data-test-id=first-search-result]"</name>
                    <title>I click "cpdl.org", "div[data-test-id=first-search-result]"</title>
                    <attachments/>
                    <steps/>
                </step>
            </steps>
            <attachments>
                <attachment title='Last Seen Screenshot' source='33ad0899-364e-4c31-88c5-bce9559c3a75-attachment.png' type='image/png' size='140567'/>
            </attachments>
            <failure>
                <message>Clickable element "cpdl.org" was not found inside element div[data-test-id=first-search-result]</message>
                <stack-trace>Error: Clickable element "cpdl.org" was not found inside element div[data-test-id=first-search-result]
                    at new ElementNotFound (/Users/demmyhonoredevries/Code/VIDEODOCK/trompa-multimodal-component/node_modules/codeceptjs/lib/helper/errors/ElementNotFound.js:14:11)
                    at assertElementExists (/Users/demmyhonoredevries/Code/VIDEODOCK/trompa-multimodal-component/node_modules/codeceptjs/lib/helper/Playwright.js:2423:11)
                    at Playwright.proceedClick (/Users/demmyhonoredevries/Code/VIDEODOCK/trompa-multimodal-component/node_modules/codeceptjs/lib/helper/Playwright.js:2180:5)</stack-trace>
            </failure>
        </test-case>
        <test-case start='1615997473172' status='passed' stop='1615997477642'>
            <name>Gives results that match query within modal</name>
            <title>Gives results that match query within modal</title>
            <labels>
                <label name='testType' value='screenshotDiff'/>
            </labels>
            <parameters/>
            <steps>
                <step start='1615997473173' status='passed' stop='1615997474122'>
                    <name>I am on page "/"</name>
                    <title>I am on page "/"</title>
                    <attachments/>
                    <steps/>
                </step>
                <step start='1615997474122' status='passed' stop='1615997474407'>
                    <name>I click "Select", "button[data-test-id=select-composition-modal]"</name>
                    <title>I click "Select", "button[data-test-id=select-composition-modal]"</title>
                    <attachments/>
                    <steps/>
                </step>
                <step start='1615997474407' status='passed' stop='1615997476364'>
                    <name>I wait for element "//h6[contains(text(), "50 results")]", 15</name>
                    <title>I wait for element "//h6[contains(text(), "50 results")]", 15</title>
                    <attachments/>
                    <steps/>
                </step>
                <step start='1615997476365' status='passed' stop='1615997476595'>
                    <name>I fill field "search", "Adieu"</name>
                    <title>I fill field "search", "Adieu"</title>
                    <attachments/>
                    <steps/>
                </step>
                <step start='1615997476595' status='passed' stop='1615997477480'>
                    <name>I wait for element "//h6[contains(text(), "48 results")]", 15</name>
                    <title>I wait for element "//h6[contains(text(), "48 results")]", 15</title>
                    <attachments/>
                    <steps/>
                </step>
                <step start='1615997477480' status='passed' stop='1615997477486'>
                    <name>I see "Adieu! sweet love, adieu"</name>
                    <title>I see "Adieu! sweet love, adieu"</title>
                    <attachments/>
                    <steps/>
                </step>
                <step start='1615997477486' status='passed' stop='1615997477538'>
                    <name>I save screenshot "composition_modal_with_composition_searched.png"</name>
                    <title>I save screenshot "composition_modal_with_composition_searched.png"</title>
                    <attachments/>
                    <steps/>
                </step>
                <step start='1615997477538' status='passed' stop='1615997477642'>
                    <name>I see visual diff "composition_modal_with_composition_searched.png", {"tolerance":1,"prepareBaseImage":true,"outputSettings":{}}</name>
                    <title>I see visual diff "composition_modal_with_composition_searched.png", {"tolerance":1,"prepareBaseImage":true,"outputSettings":{}}</title>
                    <attachments/>
                    <steps/>
                </step>
            </steps>
            <attachments/>
        </test-case>
        <test-case start='1615997477652' status='passed' stop='1615997480917'>
            <name>All relevant source links display in modal</name>
            <title>All relevant source links display in modal</title>
            <labels>
                <label name='testType' value='screenshotDiff'/>
            </labels>
            <parameters/>
            <steps>
                <step start='1615997477655' status='passed' stop='1615997478666'>
                    <name>I am on page "/"</name>
                    <title>I am on page "/"</title>
                    <attachments/>
                    <steps/>
                </step>
                <step start='1615997478666' status='passed' stop='1615997478964'>
                    <name>I click "Select", "button[data-test-id=select-composition-modal]"</name>
                    <title>I click "Select", "button[data-test-id=select-composition-modal]"</title>
                    <attachments/>
                    <steps/>
                </step>
                <step start='1615997478965' status='passed' stop='1615997480906'>
                    <name>I wait for element "//h6[contains(text(), "50 results")]", 15</name>
                    <title>I wait for element "//h6[contains(text(), "50 results")]", 15</title>
                    <attachments/>
                    <steps/>
                </step>
                <step start='1615997480906' status='passed' stop='1615997480912'>
                    <name>I see "cpdl.org"</name>
                    <title>I see "cpdl.org"</title>
                    <attachments/>
                    <steps/>
                </step>
                <step start='1615997480912' status='passed' stop='1615997480917'>
                    <name>I see "en.wikipedia.org"</name>
                    <title>I see "en.wikipedia.org"</title>
                    <attachments/>
                    <steps/>
                </step>
            </steps>
            <attachments/>
        </test-case>
        <test-case start='1615997480921' status='failed' stop='1615997484080'>
            <name>Filters results with composer filter within modal</name>
            <title>Filters results with composer filter within modal</title>
            <labels>
                <label name='testType' value='screenshotDiff'/>
            </labels>
            <parameters/>
            <steps>
                <step start='1615997480923' status='passed' stop='1615997481881'>
                    <name>I am on page "/"</name>
                    <title>I am on page "/"</title>
                    <attachments/>
                    <steps/>
                </step>
                <step start='1615997481882' status='passed' stop='1615997482176'>
                    <name>I click "Select", "button[data-test-id=select-composition-modal]"</name>
                    <title>I click "Select", "button[data-test-id=select-composition-modal]"</title>
                    <attachments/>
                    <steps/>
                </step>
                <step start='1615997482176' status='passed' stop='1615997484072'>
                    <name>I wait for element "//h6[contains(text(), "50 results")]", 15</name>
                    <title>I wait for element "//h6[contains(text(), "50 results")]", 15</title>
                    <attachments/>
                    <steps/>
                </step>
                <step start='1615997484072' status='failed' stop='1615997484080'>
                    <name>I check option "Christian Prein"</name>
                    <title>I check option "Christian Prein"</title>
                    <attachments/>
                    <steps/>
                </step>
            </steps>
            <attachments>
                <attachment title='Last Seen Screenshot' source='72721241-6480-4c45-a655-72e2b5aac0d3-attachment.png' type='image/png' size='140567'/>
            </attachments>
            <failure>
                <message>Checkbox or radio "Christian Prein" was not found by text|CSS|XPath</message>
                <stack-trace>Error: Checkbox or radio "Christian Prein" was not found by text|CSS|XPath
                    at new ElementNotFound (/Users/demmyhonoredevries/Code/VIDEODOCK/trompa-multimodal-component/node_modules/codeceptjs/lib/helper/errors/ElementNotFound.js:14:11)
                    at assertElementExists (/Users/demmyhonoredevries/Code/VIDEODOCK/trompa-multimodal-component/node_modules/codeceptjs/lib/helper/Playwright.js:2423:11)
                    at Playwright._locateCheckable (/Users/demmyhonoredevries/Code/VIDEODOCK/trompa-multimodal-component/node_modules/codeceptjs/lib/helper/Playwright.js:851:5)
                    at async Playwright.checkOption (/Users/demmyhonoredevries/Code/VIDEODOCK/trompa-multimodal-component/node_modules/codeceptjs/lib/helper/Playwright.js:1096:17)</stack-trace>
            </failure>
        </test-case>
        <test-case start='1615997484140' status='failed' stop='1615997487405'>
            <name>Gives results that match query and applied filter within modal</name>
            <title>Gives results that match query and applied filter within modal</title>
            <labels>
                <label name='testType' value='screenshotDiff'/>
            </labels>
            <parameters/>
            <steps>
                <step start='1615997484141' status='passed' stop='1615997485100'>
                    <name>I am on page "/"</name>
                    <title>I am on page "/"</title>
                    <attachments/>
                    <steps/>
                </step>
                <step start='1615997485100' status='passed' stop='1615997485394'>
                    <name>I click "Select", "button[data-test-id=select-composition-modal]"</name>
                    <title>I click "Select", "button[data-test-id=select-composition-modal]"</title>
                    <attachments/>
                    <steps/>
                </step>
                <step start='1615997485394' status='passed' stop='1615997487395'>
                    <name>I wait for element "//h6[contains(text(), "50 results")]", 15</name>
                    <title>I wait for element "//h6[contains(text(), "50 results")]", 15</title>
                    <attachments/>
                    <steps/>
                </step>
                <step start='1615997487395' status='failed' stop='1615997487404'>
                    <name>I check option "Christian Prein"</name>
                    <title>I check option "Christian Prein"</title>
                    <attachments/>
                    <steps/>
                </step>
            </steps>
            <attachments>
                <attachment title='Last Seen Screenshot' source='1a9157df-226f-40ff-bda8-ed64d29af5e3-attachment.png' type='image/png' size='140567'/>
            </attachments>
            <failure>
                <message>Checkbox or radio "Christian Prein" was not found by text|CSS|XPath</message>
                <stack-trace>Error: Checkbox or radio "Christian Prein" was not found by text|CSS|XPath
                    at new ElementNotFound (/Users/demmyhonoredevries/Code/VIDEODOCK/trompa-multimodal-component/node_modules/codeceptjs/lib/helper/errors/ElementNotFound.js:14:11)
                    at assertElementExists (/Users/demmyhonoredevries/Code/VIDEODOCK/trompa-multimodal-component/node_modules/codeceptjs/lib/helper/Playwright.js:2423:11)
                    at Playwright._locateCheckable (/Users/demmyhonoredevries/Code/VIDEODOCK/trompa-multimodal-component/node_modules/codeceptjs/lib/helper/Playwright.js:851:5)
                    at runNextTicks (node:internal/process/task_queues:58:5)
                    at processImmediate (node:internal/timers:436:9)
                    at async Playwright.checkOption (/Users/demmyhonoredevries/Code/VIDEODOCK/trompa-multimodal-component/node_modules/codeceptjs/lib/helper/Playwright.js:1096:17)</stack-trace>
            </failure>
        </test-case>
        <test-case start='1615997487469' status='failed' stop='1615997490714'>
            <name>Removing filters works as expected</name>
            <title>Removing filters works as expected</title>
            <labels>
                <label name='testType' value='screenshotDiff'/>
            </labels>
            <parameters/>
            <steps>
                <step start='1615997487471' status='passed' stop='1615997488445'>
                    <name>I am on page "/"</name>
                    <title>I am on page "/"</title>
                    <attachments/>
                    <steps/>
                </step>
                <step start='1615997488445' status='passed' stop='1615997488748'>
                    <name>I click "Select", "button[data-test-id=select-composition-modal]"</name>
                    <title>I click "Select", "button[data-test-id=select-composition-modal]"</title>
                    <attachments/>
                    <steps/>
                </step>
                <step start='1615997488748' status='passed' stop='1615997490707'>
                    <name>I wait for element "//h6[contains(text(), "50 results")]", 15</name>
                    <title>I wait for element "//h6[contains(text(), "50 results")]", 15</title>
                    <attachments/>
                    <steps/>
                </step>
                <step start='1615997490707' status='failed' stop='1615997490714'>
                    <name>I check option "Christian Prein"</name>
                    <title>I check option "Christian Prein"</title>
                    <attachments/>
                    <steps/>
                </step>
            </steps>
            <attachments>
                <attachment title='Last Seen Screenshot' source='b9f45cf4-e89a-4dde-a77a-8e20ce8b87cc-attachment.png' type='image/png' size='140567'/>
            </attachments>
            <failure>
                <message>Checkbox or radio "Christian Prein" was not found by text|CSS|XPath</message>
                <stack-trace>Error: Checkbox or radio "Christian Prein" was not found by text|CSS|XPath
                    at new ElementNotFound (/Users/demmyhonoredevries/Code/VIDEODOCK/trompa-multimodal-component/node_modules/codeceptjs/lib/helper/errors/ElementNotFound.js:14:11)
                    at assertElementExists (/Users/demmyhonoredevries/Code/VIDEODOCK/trompa-multimodal-component/node_modules/codeceptjs/lib/helper/Playwright.js:2423:11)
                    at Playwright._locateCheckable (/Users/demmyhonoredevries/Code/VIDEODOCK/trompa-multimodal-component/node_modules/codeceptjs/lib/helper/Playwright.js:851:5)
                    at async Playwright.checkOption (/Users/demmyhonoredevries/Code/VIDEODOCK/trompa-multimodal-component/node_modules/codeceptjs/lib/helper/Playwright.js:1096:17)</stack-trace>
            </failure>
        </test-case>
        <test-case start='1615997490778' status='failed' stop='1615997494012'>
            <name>Adding multiple filters works as expected</name>
            <title>Adding multiple filters works as expected</title>
            <labels>
                <label name='testType' value='screenshotDiff'/>
            </labels>
            <parameters/>
            <steps>
                <step start='1615997490780' status='passed' stop='1615997491754'>
                    <name>I am on page "/"</name>
                    <title>I am on page "/"</title>
                    <attachments/>
                    <steps/>
                </step>
                <step start='1615997491754' status='passed' stop='1615997492058'>
                    <name>I click "Select", "button[data-test-id=select-composition-modal]"</name>
                    <title>I click "Select", "button[data-test-id=select-composition-modal]"</title>
                    <attachments/>
                    <steps/>
                </step>
                <step start='1615997492058' status='passed' stop='1615997494006'>
                    <name>I wait for element "//h6[contains(text(), "50 results")]", 15</name>
                    <title>I wait for element "//h6[contains(text(), "50 results")]", 15</title>
                    <attachments/>
                    <steps/>
                </step>
                <step start='1615997494006' status='failed' stop='1615997494012'>
                    <name>I check option "Christian Prein"</name>
                    <title>I check option "Christian Prein"</title>
                    <attachments/>
                    <steps/>
                </step>
            </steps>
            <attachments>
                <attachment title='Last Seen Screenshot' source='a0e5e07b-7584-4997-a08f-81ece985367d-attachment.png' type='image/png' size='140567'/>
            </attachments>
            <failure>
                <message>Checkbox or radio "Christian Prein" was not found by text|CSS|XPath</message>
                <stack-trace>Error: Checkbox or radio "Christian Prein" was not found by text|CSS|XPath
                    at new ElementNotFound (/Users/demmyhonoredevries/Code/VIDEODOCK/trompa-multimodal-component/node_modules/codeceptjs/lib/helper/errors/ElementNotFound.js:14:11)
                    at assertElementExists (/Users/demmyhonoredevries/Code/VIDEODOCK/trompa-multimodal-component/node_modules/codeceptjs/lib/helper/Playwright.js:2423:11)
                    at Playwright._locateCheckable (/Users/demmyhonoredevries/Code/VIDEODOCK/trompa-multimodal-component/node_modules/codeceptjs/lib/helper/Playwright.js:851:5)
                    at runNextTicks (node:internal/process/task_queues:58:5)
                    at processImmediate (node:internal/timers:436:9)
                    at async Playwright.checkOption (/Users/demmyhonoredevries/Code/VIDEODOCK/trompa-multimodal-component/node_modules/codeceptjs/lib/helper/Playwright.js:1096:17)</stack-trace>
            </failure>
        </test-case>
        <test-case start='1615997494076' status='failed' stop='1615997497624'>
            <name>Narrows down composer filters with filter search box within modal</name>
            <title>Narrows down composer filters with filter search box within modal</title>
            <labels>
                <label name='testType' value='screenshotDiff'/>
            </labels>
            <parameters/>
            <steps>
                <step start='1615997494077' status='passed' stop='1615997495043'>
                    <name>I am on page "/"</name>
                    <title>I am on page "/"</title>
                    <attachments/>
                    <steps/>
                </step>
                <step start='1615997495043' status='passed' stop='1615997495356'>
                    <name>I click "Select", "button[data-test-id=select-composition-modal]"</name>
                    <title>I click "Select", "button[data-test-id=select-composition-modal]"</title>
                    <attachments/>
                    <steps/>
                </step>
                <step start='1615997495356' status='passed' stop='1615997497355'>
                    <name>I wait for element "//h6[contains(text(), "50 results")]", 15</name>
                    <title>I wait for element "//h6[contains(text(), "50 results")]", 15</title>
                    <attachments/>
                    <steps/>
                </step>
                <step start='1615997497355' status='failed' stop='1615997497624'>
                    <name>I fill field "search-filter", "Christian"</name>
                    <title>I fill field "search-filter", "Christian"</title>
                    <attachments/>
                    <steps/>
                </step>
            </steps>
            <attachments>
                <attachment title='Last Seen Screenshot' source='26290ea9-e7b4-4b92-9078-cca6ad52631f-attachment.png' type='image/png' size='140567'/>
            </attachments>
            <failure>
                <message>Field "search-filter" was not found by text|CSS|XPath</message>
                <stack-trace>Error: Field "search-filter" was not found by text|CSS|XPath
                    at new ElementNotFound (/Users/demmyhonoredevries/Code/VIDEODOCK/trompa-multimodal-component/node_modules/codeceptjs/lib/helper/errors/ElementNotFound.js:14:11)
                    at assertElementExists (/Users/demmyhonoredevries/Code/VIDEODOCK/trompa-multimodal-component/node_modules/codeceptjs/lib/helper/Playwright.js:2423:11)
                    at Playwright.fillField (/Users/demmyhonoredevries/Code/VIDEODOCK/trompa-multimodal-component/node_modules/codeceptjs/lib/helper/Playwright.js:1202:5)
                    at runMicrotasks (&lt;anonymous>)
                    at runNextTicks (node:internal/process/task_queues:58:5)
                    at processImmediate (node:internal/timers:436:9)</stack-trace>
            </failure>
        </test-case>
    </test-cases>
</ns2:test-suite>