<?xml version='1.0'?>
<ns2:test-suite xmlns:ns2='urn:model.allure.qatools.yandex.ru' start='1615984454997' stop='1615984491457'>
    <name>Score modal:</name>
    <title>Score modal:</title>
    <test-cases>
        <test-case start='1615984454998' status='failed' stop='1615984460076'>
            <name>Opens score modal with expected content</name>
            <title>Opens score modal with expected content</title>
            <labels/>
            <parameters/>
            <steps>
                <step start='1615984454999' status='passed' stop='1615984454999'>
                    <name>I use playwright to "Detect current browser", async ({ browser }) => {
                        const browserObject = await browser;
                    
                        currentBrowser = browserObject._initializer.name;
                        console.log('Current browser is:', currentBrowser);
                      }</name>
                    <title>I use playwright to "Detect current browser", async ({ browser }) => {
                        const browserObject = await browser;
                    
                        currentBrowser = browserObject._initializer.name;
                        console.log('Current browser is:', currentBrowser);
                      }</title>
                    <attachments/>
                    <steps/>
                </step>
                <step start='1615984455000' status='passed' stop='1615984457027'>
                    <name>I am on page "/"</name>
                    <title>I am on page "/"</title>
                    <attachments/>
                    <steps/>
                </step>
                <step start='1615984457027' status='passed' stop='1615984457490'>
                    <name>I click "Select", "button[data-test-id=select-score-modal]"</name>
                    <title>I click "Select", "button[data-test-id=select-score-modal]"</title>
                    <attachments/>
                    <steps/>
                </step>
                <step start='1615984457490' status='passed' stop='1615984459868'>
                    <name>I wait for element "//h6[contains(text(), "50 results")]", 45</name>
                    <title>I wait for element "//h6[contains(text(), "50 results")]", 45</title>
                    <attachments/>
                    <steps/>
                </step>
                <step start='1615984459868' status='passed' stop='1615984459918'>
                    <name>I save screenshot "score_modal_loaded.png"</name>
                    <title>I save screenshot "score_modal_loaded.png"</title>
                    <attachments/>
                    <steps/>
                </step>
                <step start='1615984459918' status='passed' stop='1615984460037'>
                    <name>I see visual diff "score_modal_loaded.png", {"tolerance":1,"prepareBaseImage":true,"outputSettings":{}}</name>
                    <title>I see visual diff "score_modal_loaded.png", {"tolerance":1,"prepareBaseImage":true,"outputSettings":{}}</title>
                    <attachments/>
                    <steps/>
                </step>
                <step start='1615984460037' status='passed' stop='1615984460050'>
                    <name>I see "50 results"</name>
                    <title>I see "50 results"</title>
                    <attachments/>
                    <steps/>
                </step>
                <step start='1615984460050' status='failed' stop='1615984460076'>
                    <name>I see "Composer"</name>
                    <title>I see "Composer"</title>
                    <attachments/>
                    <steps/>
                </step>
            </steps>
            <attachments>
                <attachment title='Last Seen Screenshot' source='a3bcdcf7-7416-4f20-8e06-2b0a6b7f30e7-attachment.png' type='image/png' size='88538'/>
            </attachments>
            <failure>
                <message></message>
                <stack-trace>undefined</stack-trace>
            </failure>
        </test-case>
        <test-case start='1615984460156' status='passed' stop='1615984462303'>
            <name>Language switcher initially loads English</name>
            <title>Language switcher initially loads English</title>
            <labels/>
            <parameters/>
            <steps>
                <step start='1615984460157' status='passed' stop='1615984461636'>
                    <name>I am on page "/"</name>
                    <title>I am on page "/"</title>
                    <attachments/>
                    <steps/>
                </step>
                <step start='1615984461636' status='passed' stop='1615984462059'>
                    <name>I click "Select", "button[data-test-id=select-score-modal]"</name>
                    <title>I click "Select", "button[data-test-id=select-score-modal]"</title>
                    <attachments/>
                    <steps/>
                </step>
                <step start='1615984462059' status='passed' stop='1615984462159'>
                    <name>I see "English"</name>
                    <title>I see "English"</title>
                    <attachments/>
                    <steps/>
                </step>
                <step start='1615984462160' status='passed' stop='1615984462204'>
                    <name>I save screenshot "score_modal_language_switcher_loaded.png"</name>
                    <title>I save screenshot "score_modal_language_switcher_loaded.png"</title>
                    <attachments/>
                    <steps/>
                </step>
                <step start='1615984462204' status='passed' stop='1615984462303'>
                    <name>I see visual diff "score_modal_language_switcher_loaded.png", {"tolerance":1,"prepareBaseImage":true,"outputSettings":{}}</name>
                    <title>I see visual diff "score_modal_language_switcher_loaded.png", {"tolerance":1,"prepareBaseImage":true,"outputSettings":{}}</title>
                    <attachments/>
                    <steps/>
                </step>
            </steps>
            <attachments/>
        </test-case>
        <test-case start='1615984462977' status='passed' stop='1615984467035'>
            <name>Language switcher can select Dutch language</name>
            <title>Language switcher can select Dutch language</title>
            <labels/>
            <parameters/>
            <steps>
                <step start='1615984462979' status='passed' stop='1615984464512'>
                    <name>I am on page "/"</name>
                    <title>I am on page "/"</title>
                    <attachments/>
                    <steps/>
                </step>
                <step start='1615984464512' status='passed' stop='1615984464857'>
                    <name>I click "Select", "button[data-test-id=select-score-modal]"</name>
                    <title>I click "Select", "button[data-test-id=select-score-modal]"</title>
                    <attachments/>
                    <steps/>
                </step>
                <step start='1615984464857' status='passed' stop='1615984465190'>
                    <name>I click "English", {"xpath":"//header//li[1]"}</name>
                    <title>I click "English", {"xpath":"//header//li[1]"}</title>
                    <attachments/>
                    <steps/>
                </step>
                <step start='1615984465190' status='passed' stop='1615984466339'>
                    <name>I click "Dutch", {"xpath":"//ul//li[2]"}</name>
                    <title>I click "Dutch", {"xpath":"//ul//li[2]"}</title>
                    <attachments/>
                    <steps/>
                </step>
                <step start='1615984466339' status='passed' stop='1615984466857'>
                    <name>I see "Nederlands"</name>
                    <title>I see "Nederlands"</title>
                    <attachments/>
                    <steps/>
                </step>
                <step start='1615984466858' status='passed' stop='1615984466919'>
                    <name>I save screenshot "score_modal_language_switcher_dutch_selected.png"</name>
                    <title>I save screenshot "score_modal_language_switcher_dutch_selected.png"</title>
                    <attachments/>
                    <steps/>
                </step>
                <step start='1615984466919' status='passed' stop='1615984467035'>
                    <name>I see visual diff "score_modal_language_switcher_dutch_selected.png", {"tolerance":1,"prepareBaseImage":true,"outputSettings":{}}</name>
                    <title>I see visual diff "score_modal_language_switcher_dutch_selected.png", {"tolerance":1,"prepareBaseImage":true,"outputSettings":{}}</title>
                    <attachments/>
                    <steps/>
                </step>
            </steps>
            <attachments/>
        </test-case>
        <test-case start='1615984467041' status='failed' stop='1615984470616'>
            <name>Selects score from modal</name>
            <title>Selects score from modal</title>
            <labels/>
            <parameters/>
            <steps>
                <step start='1615984467042' status='passed' stop='1615984468532'>
                    <name>I am on page "/"</name>
                    <title>I am on page "/"</title>
                    <attachments/>
                    <steps/>
                </step>
                <step start='1615984468532' status='passed' stop='1615984468912'>
                    <name>I click "Select", "button[data-test-id=select-score-modal]"</name>
                    <title>I click "Select", "button[data-test-id=select-score-modal]"</title>
                    <attachments/>
                    <steps/>
                </step>
                <step start='1615984468912' status='passed' stop='1615984470603'>
                    <name>I wait for element "//h6[contains(text(), "50 results")]", 45</name>
                    <title>I wait for element "//h6[contains(text(), "50 results")]", 45</title>
                    <attachments/>
                    <steps/>
                </step>
                <step start='1615984470603' status='failed' stop='1615984470616'>
                    <name>I click "Tis by thy strength the mountains stand", "div[data-test-id=first-search-result]"</name>
                    <title>I click "Tis by thy strength the mountains stand", "div[data-test-id=first-search-result]"</title>
                    <attachments/>
                    <steps/>
                </step>
            </steps>
            <attachments>
                <attachment title='Last Seen Screenshot' source='a2a0a126-5ea0-4bc1-8118-a5eb253cad92-attachment.png' type='image/png' size='88538'/>
            </attachments>
            <failure>
                <message>Element "div[data-test-id=first-search-result]" was not found by text|CSS|XPath</message>
                <stack-trace>Error: Element "div[data-test-id=first-search-result]" was not found by text|CSS|XPath
                    at new ElementNotFound (/Users/demmyhonoredevries/Code/VIDEODOCK/trompa-multimodal-component/node_modules/codeceptjs/lib/helper/errors/ElementNotFound.js:14:11)
                    at assertElementExists (/Users/demmyhonoredevries/Code/VIDEODOCK/trompa-multimodal-component/node_modules/codeceptjs/lib/helper/Playwright.js:2423:11)
                    at Playwright.proceedClick (/Users/demmyhonoredevries/Code/VIDEODOCK/trompa-multimodal-component/node_modules/codeceptjs/lib/helper/Playwright.js:2175:5)</stack-trace>
            </failure>
        </test-case>
        <test-case start='1615984470691' status='failed' stop='1615984474275'>
            <name>Opens and closes source image link from modal</name>
            <title>Opens and closes source image link from modal</title>
            <labels/>
            <parameters/>
            <steps>
                <step start='1615984470694' status='passed' stop='1615984470694'>
                    <name>I close other tabs </name>
                    <title>I close other tabs </title>
                    <attachments/>
                    <steps/>
                </step>
                <step start='1615984470694' status='passed' stop='1615984472189'>
                    <name>I am on page "/"</name>
                    <title>I am on page "/"</title>
                    <attachments/>
                    <steps/>
                </step>
                <step start='1615984472189' status='passed' stop='1615984472580'>
                    <name>I click "Select", "button[data-test-id=select-score-modal]"</name>
                    <title>I click "Select", "button[data-test-id=select-score-modal]"</title>
                    <attachments/>
                    <steps/>
                </step>
                <step start='1615984472581' status='passed' stop='1615984474243'>
                    <name>I wait for element "//h6[contains(text(), "50 results")]", 45</name>
                    <title>I wait for element "//h6[contains(text(), "50 results")]", 45</title>
                    <attachments/>
                    <steps/>
                </step>
                <step start='1615984474243' status='failed' stop='1615984474275'>
                    <name>I click "cpdl.org", "div[data-test-id=first-search-result]"</name>
                    <title>I click "cpdl.org", "div[data-test-id=first-search-result]"</title>
                    <attachments/>
                    <steps/>
                </step>
            </steps>
            <attachments>
                <attachment title='Last Seen Screenshot' source='b177d968-10ae-4497-abfe-ec60b7261eae-attachment.png' type='image/png' size='88538'/>
            </attachments>
            <failure>
                <message>Element "div[data-test-id=first-search-result]" was not found by text|CSS|XPath</message>
                <stack-trace>Error: Element "div[data-test-id=first-search-result]" was not found by text|CSS|XPath
                    at new ElementNotFound (/Users/demmyhonoredevries/Code/VIDEODOCK/trompa-multimodal-component/node_modules/codeceptjs/lib/helper/errors/ElementNotFound.js:14:11)
                    at assertElementExists (/Users/demmyhonoredevries/Code/VIDEODOCK/trompa-multimodal-component/node_modules/codeceptjs/lib/helper/Playwright.js:2423:11)
                    at Playwright.proceedClick (/Users/demmyhonoredevries/Code/VIDEODOCK/trompa-multimodal-component/node_modules/codeceptjs/lib/helper/Playwright.js:2175:5)</stack-trace>
            </failure>
        </test-case>
        <test-case start='1615984474374' status='passed' stop='1615984480380'>
            <name>Gives results that match query within modal</name>
            <title>Gives results that match query within modal</title>
            <labels/>
            <parameters/>
            <steps>
                <step start='1615984474375' status='passed' stop='1615984475858'>
                    <name>I am on page "/"</name>
                    <title>I am on page "/"</title>
                    <attachments/>
                    <steps/>
                </step>
                <step start='1615984475858' status='passed' stop='1615984476247'>
                    <name>I click "Select", "button[data-test-id=select-score-modal]"</name>
                    <title>I click "Select", "button[data-test-id=select-score-modal]"</title>
                    <attachments/>
                    <steps/>
                </step>
                <step start='1615984476247' status='passed' stop='1615984478618'>
                    <name>I wait for element "//h6[contains(text(), "50 results")]", 45</name>
                    <title>I wait for element "//h6[contains(text(), "50 results")]", 45</title>
                    <attachments/>
                    <steps/>
                </step>
                <step start='1615984478618' status='passed' stop='1615984478921'>
                    <name>I fill field "search", "Adieu"</name>
                    <title>I fill field "search", "Adieu"</title>
                    <attachments/>
                    <steps/>
                </step>
                <step start='1615984478921' status='passed' stop='1615984480043'>
                    <name>I wait for element "//h6[contains(text(), "33 results")]", 45</name>
                    <title>I wait for element "//h6[contains(text(), "33 results")]", 45</title>
                    <attachments/>
                    <steps/>
                </step>
                <step start='1615984480043' status='passed' stop='1615984480231'>
                    <name>I see "Adieu! sweet love, adieu"</name>
                    <title>I see "Adieu! sweet love, adieu"</title>
                    <attachments/>
                    <steps/>
                </step>
                <step start='1615984480231' status='passed' stop='1615984480279'>
                    <name>I save screenshot "score_modal_with_score_searched.png"</name>
                    <title>I save screenshot "score_modal_with_score_searched.png"</title>
                    <attachments/>
                    <steps/>
                </step>
                <step start='1615984480279' status='passed' stop='1615984480380'>
                    <name>I see visual diff "score_modal_with_score_searched.png", {"tolerance":1,"prepareBaseImage":true,"outputSettings":{}}</name>
                    <title>I see visual diff "score_modal_with_score_searched.png", {"tolerance":1,"prepareBaseImage":true,"outputSettings":{}}</title>
                    <attachments/>
                    <steps/>
                </step>
            </steps>
            <attachments/>
        </test-case>
        <test-case start='1615984480393' status='passed' stop='1615984483889'>
            <name>All relevant source links display in modal</name>
            <title>All relevant source links display in modal</title>
            <labels/>
            <parameters/>
            <steps>
                <step start='1615984480395' status='passed' stop='1615984481904'>
                    <name>I am on page "/"</name>
                    <title>I am on page "/"</title>
                    <attachments/>
                    <steps/>
                </step>
                <step start='1615984481904' status='passed' stop='1615984482241'>
                    <name>I click "Select", "button[data-test-id=select-score-modal]"</name>
                    <title>I click "Select", "button[data-test-id=select-score-modal]"</title>
                    <attachments/>
                    <steps/>
                </step>
                <step start='1615984482241' status='passed' stop='1615984483871'>
                    <name>I wait for element "//h6[contains(text(), "50 results")]", 45</name>
                    <title>I wait for element "//h6[contains(text(), "50 results")]", 45</title>
                    <attachments/>
                    <steps/>
                </step>
                <step start='1615984483871' status='passed' stop='1615984483889'>
                    <name>I see "cpdl.org"</name>
                    <title>I see "cpdl.org"</title>
                    <attachments/>
                    <steps/>
                </step>
            </steps>
            <attachments/>
        </test-case>
        <test-case start='1615984483895' status='failed' stop='1615984487594'>
            <name>Removing filters works as expected</name>
            <title>Removing filters works as expected</title>
            <labels/>
            <parameters/>
            <steps>
                <step start='1615984483896' status='passed' stop='1615984485558'>
                    <name>I am on page "/"</name>
                    <title>I am on page "/"</title>
                    <attachments/>
                    <steps/>
                </step>
                <step start='1615984485558' status='passed' stop='1615984485959'>
                    <name>I click "Select", "button[data-test-id=select-score-modal]"</name>
                    <title>I click "Select", "button[data-test-id=select-score-modal]"</title>
                    <attachments/>
                    <steps/>
                </step>
                <step start='1615984485959' status='passed' stop='1615984487552'>
                    <name>I wait for element "//h6[contains(text(), "50 results")]", 45</name>
                    <title>I wait for element "//h6[contains(text(), "50 results")]", 45</title>
                    <attachments/>
                    <steps/>
                </step>
                <step start='1615984487552' status='failed' stop='1615984487594'>
                    <name>I check option "Christian Prein"</name>
                    <title>I check option "Christian Prein"</title>
                    <attachments/>
                    <steps/>
                </step>
            </steps>
            <attachments>
                <attachment title='Last Seen Screenshot' source='7a8c34a3-1015-4740-be46-ca18d3cb4c4b-attachment.png' type='image/png' size='88538'/>
            </attachments>
            <failure>
                <message>Checkbox or radio "Christian Prein" was not found by text|CSS|XPath</message>
                <stack-trace>Error: Checkbox or radio "Christian Prein" was not found by text|CSS|XPath
                    at new ElementNotFound (/Users/demmyhonoredevries/Code/VIDEODOCK/trompa-multimodal-component/node_modules/codeceptjs/lib/helper/errors/ElementNotFound.js:14:11)
                    at assertElementExists (/Users/demmyhonoredevries/Code/VIDEODOCK/trompa-multimodal-component/node_modules/codeceptjs/lib/helper/Playwright.js:2423:11)
                    at Playwright._locateCheckable (/Users/demmyhonoredevries/Code/VIDEODOCK/trompa-multimodal-component/node_modules/codeceptjs/lib/helper/Playwright.js:851:5)
                    at async Playwright.checkOption (/Users/demmyhonoredevries/Code/VIDEODOCK/trompa-multimodal-component/node_modules/codeceptjs/lib/helper/Playwright.js:1096:17)</stack-trace>
            </failure>
        </test-case>
        <test-case start='1615984487656' status='failed' stop='1615984491356'>
            <name>Adding multiple filters works as expected</name>
            <title>Adding multiple filters works as expected</title>
            <labels/>
            <parameters/>
            <steps>
                <step start='1615984487657' status='passed' stop='1615984489399'>
                    <name>I am on page "/"</name>
                    <title>I am on page "/"</title>
                    <attachments/>
                    <steps/>
                </step>
                <step start='1615984489399' status='passed' stop='1615984489730'>
                    <name>I click "Select", "button[data-test-id=select-score-modal]"</name>
                    <title>I click "Select", "button[data-test-id=select-score-modal]"</title>
                    <attachments/>
                    <steps/>
                </step>
                <step start='1615984489730' status='passed' stop='1615984491324'>
                    <name>I wait for element "//h6[contains(text(), "50 results")]", 45</name>
                    <title>I wait for element "//h6[contains(text(), "50 results")]", 45</title>
                    <attachments/>
                    <steps/>
                </step>
                <step start='1615984491324' status='failed' stop='1615984491355'>
                    <name>I check option "Christian Prein"</name>
                    <title>I check option "Christian Prein"</title>
                    <attachments/>
                    <steps/>
                </step>
            </steps>
            <attachments>
                <attachment title='Last Seen Screenshot' source='9787316d-184a-4b6c-9a35-9b39442593a4-attachment.png' type='image/png' size='88538'/>
            </attachments>
            <failure>
                <message>Checkbox or radio "Christian Prein" was not found by text|CSS|XPath</message>
                <stack-trace>Error: Checkbox or radio "Christian Prein" was not found by text|CSS|XPath
                    at new ElementNotFound (/Users/demmyhonoredevries/Code/VIDEODOCK/trompa-multimodal-component/node_modules/codeceptjs/lib/helper/errors/ElementNotFound.js:14:11)
                    at assertElementExists (/Users/demmyhonoredevries/Code/VIDEODOCK/trompa-multimodal-component/node_modules/codeceptjs/lib/helper/Playwright.js:2423:11)
                    at Playwright._locateCheckable (/Users/demmyhonoredevries/Code/VIDEODOCK/trompa-multimodal-component/node_modules/codeceptjs/lib/helper/Playwright.js:851:5)
                    at async Playwright.checkOption (/Users/demmyhonoredevries/Code/VIDEODOCK/trompa-multimodal-component/node_modules/codeceptjs/lib/helper/Playwright.js:1096:17)</stack-trace>
            </failure>
        </test-case>
    </test-cases>
</ns2:test-suite>