<?xml version='1.0'?>
<ns2:test-suite xmlns:ns2='urn:model.allure.qatools.yandex.ru' start='1615984306716' stop='1615984354613'>
    <name>Composition modal:</name>
    <title>Composition modal:</title>
    <test-cases>
        <test-case start='1615984308519' status='failed' stop='1615984313152'>
            <name>Opens composition modal with expected content</name>
            <title>Opens composition modal with expected content</title>
            <labels/>
            <parameters/>
            <steps>
                <step start='1615984308534' status='passed' stop='1615984308535'>
                    <name>I use playwright to "Detect current browser", async ({ browser }) => {
                        const browserObject = await browser;
                    
                        currentBrowser = browserObject._initializer.name;
                        console.log('Current browser is:', currentBrowser);
                      }</name>
                    <title>I use playwright to "Detect current browser", async ({ browser }) => {
                        const browserObject = await browser;
                    
                        currentBrowser = browserObject._initializer.name;
                        console.log('Current browser is:', currentBrowser);
                      }</title>
                    <attachments/>
                    <steps/>
                </step>
                <step start='1615984308535' status='passed' stop='1615984310312'>
                    <name>I am on page "/"</name>
                    <title>I am on page "/"</title>
                    <attachments/>
                    <steps/>
                </step>
                <step start='1615984310313' status='passed' stop='1615984310649'>
                    <name>I click "Select", "button[data-test-id=select-composition-modal]"</name>
                    <title>I click "Select", "button[data-test-id=select-composition-modal]"</title>
                    <attachments/>
                    <steps/>
                </step>
                <step start='1615984310649' status='passed' stop='1615984312761'>
                    <name>I wait for element "//h6[contains(text(), "50 results")]", 45</name>
                    <title>I wait for element "//h6[contains(text(), "50 results")]", 45</title>
                    <attachments/>
                    <steps/>
                </step>
                <step start='1615984312761' status='passed' stop='1615984312825'>
                    <name>I save screenshot "composition_modal_loaded.png"</name>
                    <title>I save screenshot "composition_modal_loaded.png"</title>
                    <attachments/>
                    <steps/>
                </step>
                <step start='1615984312826' status='passed' stop='1615984313123'>
                    <name>I see visual diff "composition_modal_loaded.png", {"tolerance":1,"prepareBaseImage":true}</name>
                    <title>I see visual diff "composition_modal_loaded.png", {"tolerance":1,"prepareBaseImage":true}</title>
                    <attachments/>
                    <steps/>
                </step>
                <step start='1615984313123' status='passed' stop='1615984313141'>
                    <name>I see "50 results"</name>
                    <title>I see "50 results"</title>
                    <attachments/>
                    <steps/>
                </step>
                <step start='1615984313141' status='failed' stop='1615984313151'>
                    <name>I see "Composer"</name>
                    <title>I see "Composer"</title>
                    <attachments/>
                    <steps/>
                </step>
            </steps>
            <attachments>
                <attachment title='Last Seen Screenshot' source='8dafa27f-fb96-4c72-93ff-77aaf84aa46c-attachment.png' type='image/png' size='123141'/>
            </attachments>
            <failure>
                <message></message>
                <stack-trace>undefined</stack-trace>
            </failure>
        </test-case>
        <test-case start='1615984313221' status='passed' stop='1615984315284'>
            <name>Language switcher initially loads English</name>
            <title>Language switcher initially loads English</title>
            <labels/>
            <parameters/>
            <steps>
                <step start='1615984313223' status='passed' stop='1615984314740'>
                    <name>I am on page "/"</name>
                    <title>I am on page "/"</title>
                    <attachments/>
                    <steps/>
                </step>
                <step start='1615984314740' status='passed' stop='1615984315139'>
                    <name>I click "Select", "button[data-test-id=select-composition-modal]"</name>
                    <title>I click "Select", "button[data-test-id=select-composition-modal]"</title>
                    <attachments/>
                    <steps/>
                </step>
                <step start='1615984315139' status='passed' stop='1615984315148'>
                    <name>I see "English"</name>
                    <title>I see "English"</title>
                    <attachments/>
                    <steps/>
                </step>
                <step start='1615984315149' status='passed' stop='1615984315196'>
                    <name>I save screenshot "composition_modal_language_switcher_loaded.png"</name>
                    <title>I save screenshot "composition_modal_language_switcher_loaded.png"</title>
                    <attachments/>
                    <steps/>
                </step>
                <step start='1615984315196' status='passed' stop='1615984315284'>
                    <name>I see visual diff "composition_modal_language_switcher_loaded.png", {"tolerance":1,"prepareBaseImage":true,"outputSettings":{}}</name>
                    <title>I see visual diff "composition_modal_language_switcher_loaded.png", {"tolerance":1,"prepareBaseImage":true,"outputSettings":{}}</title>
                    <attachments/>
                    <steps/>
                </step>
            </steps>
            <attachments/>
        </test-case>
        <test-case start='1615984315309' status='passed' stop='1615984319699'>
            <name>Language switcher can select Dutch language</name>
            <title>Language switcher can select Dutch language</title>
            <labels/>
            <parameters/>
            <steps>
                <step start='1615984315312' status='passed' stop='1615984316764'>
                    <name>I am on page "/"</name>
                    <title>I am on page "/"</title>
                    <attachments/>
                    <steps/>
                </step>
                <step start='1615984316764' status='passed' stop='1615984317215'>
                    <name>I click "Select", "button[data-test-id=select-composition-modal]"</name>
                    <title>I click "Select", "button[data-test-id=select-composition-modal]"</title>
                    <attachments/>
                    <steps/>
                </step>
                <step start='1615984317215' status='passed' stop='1615984317533'>
                    <name>I click "English", {"xpath":"//header//li[1]"}</name>
                    <title>I click "English", {"xpath":"//header//li[1]"}</title>
                    <attachments/>
                    <steps/>
                </step>
                <step start='1615984317533' status='passed' stop='1615984319027'>
                    <name>I click "Dutch", {"xpath":"//ul//li[2]"}</name>
                    <title>I click "Dutch", {"xpath":"//ul//li[2]"}</title>
                    <attachments/>
                    <steps/>
                </step>
                <step start='1615984319027' status='passed' stop='1615984319545'>
                    <name>I see "Nederlands"</name>
                    <title>I see "Nederlands"</title>
                    <attachments/>
                    <steps/>
                </step>
                <step start='1615984319545' status='passed' stop='1615984319602'>
                    <name>I save screenshot "composition_modal_language_switcher_dutch_selected.png"</name>
                    <title>I save screenshot "composition_modal_language_switcher_dutch_selected.png"</title>
                    <attachments/>
                    <steps/>
                </step>
                <step start='1615984319603' status='passed' stop='1615984319699'>
                    <name>I see visual diff "composition_modal_language_switcher_dutch_selected.png", {"tolerance":1,"prepareBaseImage":true,"outputSettings":{}}</name>
                    <title>I see visual diff "composition_modal_language_switcher_dutch_selected.png", {"tolerance":1,"prepareBaseImage":true,"outputSettings":{}}</title>
                    <attachments/>
                    <steps/>
                </step>
            </steps>
            <attachments/>
        </test-case>
        <test-case start='1615984319707' status='failed' stop='1615984323408'>
            <name>Selects composition from modal</name>
            <title>Selects composition from modal</title>
            <labels/>
            <parameters/>
            <steps>
                <step start='1615984319709' status='passed' stop='1615984321192'>
                    <name>I am on page "/"</name>
                    <title>I am on page "/"</title>
                    <attachments/>
                    <steps/>
                </step>
                <step start='1615984321192' status='passed' stop='1615984321520'>
                    <name>I click "Select", "button[data-test-id=select-composition-modal]"</name>
                    <title>I click "Select", "button[data-test-id=select-composition-modal]"</title>
                    <attachments/>
                    <steps/>
                </step>
                <step start='1615984321520' status='passed' stop='1615984323387'>
                    <name>I wait for element "//h6[contains(text(), "50 results")]", 45</name>
                    <title>I wait for element "//h6[contains(text(), "50 results")]", 45</title>
                    <attachments/>
                    <steps/>
                </step>
                <step start='1615984323387' status='failed' stop='1615984323407'>
                    <name>I click "Tis by thy strength the mountains stand", "div[data-test-id=first-search-result]"</name>
                    <title>I click "Tis by thy strength the mountains stand", "div[data-test-id=first-search-result]"</title>
                    <attachments/>
                    <steps/>
                </step>
            </steps>
            <attachments>
                <attachment title='Last Seen Screenshot' source='3bfad095-8df7-4cf7-9f6c-422729fdf454-attachment.png' type='image/png' size='123141'/>
            </attachments>
            <failure>
                <message>Element "div[data-test-id=first-search-result]" was not found by text|CSS|XPath</message>
                <stack-trace>Error: Element "div[data-test-id=first-search-result]" was not found by text|CSS|XPath
                    at new ElementNotFound (/Users/demmyhonoredevries/Code/VIDEODOCK/trompa-multimodal-component/node_modules/codeceptjs/lib/helper/errors/ElementNotFound.js:14:11)
                    at assertElementExists (/Users/demmyhonoredevries/Code/VIDEODOCK/trompa-multimodal-component/node_modules/codeceptjs/lib/helper/Playwright.js:2423:11)
                    at Playwright.proceedClick (/Users/demmyhonoredevries/Code/VIDEODOCK/trompa-multimodal-component/node_modules/codeceptjs/lib/helper/Playwright.js:2175:5)</stack-trace>
            </failure>
        </test-case>
        <test-case start='1615984323479' status='failed' stop='1615984327075'>
            <name>Opens composition source link from modal</name>
            <title>Opens composition source link from modal</title>
            <labels/>
            <parameters/>
            <steps>
                <step start='1615984323482' status='passed' stop='1615984323482'>
                    <name>I close other tabs </name>
                    <title>I close other tabs </title>
                    <attachments/>
                    <steps/>
                </step>
                <step start='1615984323482' status='passed' stop='1615984324910'>
                    <name>I am on page "/"</name>
                    <title>I am on page "/"</title>
                    <attachments/>
                    <steps/>
                </step>
                <step start='1615984324910' status='passed' stop='1615984325235'>
                    <name>I click "Select", "button[data-test-id=select-composition-modal]"</name>
                    <title>I click "Select", "button[data-test-id=select-composition-modal]"</title>
                    <attachments/>
                    <steps/>
                </step>
                <step start='1615984325235' status='passed' stop='1615984327047'>
                    <name>I wait for element "//h6[contains(text(), "50 results")]", 45</name>
                    <title>I wait for element "//h6[contains(text(), "50 results")]", 45</title>
                    <attachments/>
                    <steps/>
                </step>
                <step start='1615984327047' status='failed' stop='1615984327075'>
                    <name>I click "cpdl.org", "div[data-test-id=first-search-result]"</name>
                    <title>I click "cpdl.org", "div[data-test-id=first-search-result]"</title>
                    <attachments/>
                    <steps/>
                </step>
            </steps>
            <attachments>
                <attachment title='Last Seen Screenshot' source='83a78b35-6b99-450f-9e47-a031577c2ef0-attachment.png' type='image/png' size='123141'/>
            </attachments>
            <failure>
                <message>Element "div[data-test-id=first-search-result]" was not found by text|CSS|XPath</message>
                <stack-trace>Error: Element "div[data-test-id=first-search-result]" was not found by text|CSS|XPath
                    at new ElementNotFound (/Users/demmyhonoredevries/Code/VIDEODOCK/trompa-multimodal-component/node_modules/codeceptjs/lib/helper/errors/ElementNotFound.js:14:11)
                    at assertElementExists (/Users/demmyhonoredevries/Code/VIDEODOCK/trompa-multimodal-component/node_modules/codeceptjs/lib/helper/Playwright.js:2423:11)
                    at Playwright.proceedClick (/Users/demmyhonoredevries/Code/VIDEODOCK/trompa-multimodal-component/node_modules/codeceptjs/lib/helper/Playwright.js:2175:5)</stack-trace>
            </failure>
        </test-case>
        <test-case start='1615984327147' status='passed' stop='1615984332197'>
            <name>Gives results that match query within modal</name>
            <title>Gives results that match query within modal</title>
            <labels/>
            <parameters/>
            <steps>
                <step start='1615984327149' status='passed' stop='1615984328618'>
                    <name>I am on page "/"</name>
                    <title>I am on page "/"</title>
                    <attachments/>
                    <steps/>
                </step>
                <step start='1615984328618' status='passed' stop='1615984328936'>
                    <name>I click "Select", "button[data-test-id=select-composition-modal]"</name>
                    <title>I click "Select", "button[data-test-id=select-composition-modal]"</title>
                    <attachments/>
                    <steps/>
                </step>
                <step start='1615984328936' status='passed' stop='1615984330661'>
                    <name>I wait for element "//h6[contains(text(), "50 results")]", 45</name>
                    <title>I wait for element "//h6[contains(text(), "50 results")]", 45</title>
                    <attachments/>
                    <steps/>
                </step>
                <step start='1615984330661' status='passed' stop='1615984330969'>
                    <name>I fill field "search", "Adieu"</name>
                    <title>I fill field "search", "Adieu"</title>
                    <attachments/>
                    <steps/>
                </step>
                <step start='1615984330969' status='passed' stop='1615984332049'>
                    <name>I wait for element "//h6[contains(text(), "48 results")]", 45</name>
                    <title>I wait for element "//h6[contains(text(), "48 results")]", 45</title>
                    <attachments/>
                    <steps/>
                </step>
                <step start='1615984332049' status='passed' stop='1615984332061'>
                    <name>I see "Adieu! sweet love, adieu"</name>
                    <title>I see "Adieu! sweet love, adieu"</title>
                    <attachments/>
                    <steps/>
                </step>
                <step start='1615984332062' status='passed' stop='1615984332107'>
                    <name>I save screenshot "composition_modal_with_composition_searched.png"</name>
                    <title>I save screenshot "composition_modal_with_composition_searched.png"</title>
                    <attachments/>
                    <steps/>
                </step>
                <step start='1615984332107' status='passed' stop='1615984332197'>
                    <name>I see visual diff "composition_modal_with_composition_searched.png", {"tolerance":1,"prepareBaseImage":true,"outputSettings":{}}</name>
                    <title>I see visual diff "composition_modal_with_composition_searched.png", {"tolerance":1,"prepareBaseImage":true,"outputSettings":{}}</title>
                    <attachments/>
                    <steps/>
                </step>
            </steps>
            <attachments/>
        </test-case>
        <test-case start='1615984332209' status='passed' stop='1615984335804'>
            <name>All relevant source links display in modal</name>
            <title>All relevant source links display in modal</title>
            <labels/>
            <parameters/>
            <steps>
                <step start='1615984332212' status='passed' stop='1615984333643'>
                    <name>I am on page "/"</name>
                    <title>I am on page "/"</title>
                    <attachments/>
                    <steps/>
                </step>
                <step start='1615984333643' status='passed' stop='1615984333967'>
                    <name>I click "Select", "button[data-test-id=select-composition-modal]"</name>
                    <title>I click "Select", "button[data-test-id=select-composition-modal]"</title>
                    <attachments/>
                    <steps/>
                </step>
                <step start='1615984333968' status='passed' stop='1615984335764'>
                    <name>I wait for element "//h6[contains(text(), "50 results")]", 45</name>
                    <title>I wait for element "//h6[contains(text(), "50 results")]", 45</title>
                    <attachments/>
                    <steps/>
                </step>
                <step start='1615984335764' status='passed' stop='1615984335795'>
                    <name>I see "cpdl.org"</name>
                    <title>I see "cpdl.org"</title>
                    <attachments/>
                    <steps/>
                </step>
                <step start='1615984335795' status='passed' stop='1615984335804'>
                    <name>I see "en.wikipedia.org"</name>
                    <title>I see "en.wikipedia.org"</title>
                    <attachments/>
                    <steps/>
                </step>
            </steps>
            <attachments/>
        </test-case>
        <test-case start='1615984335810' status='failed' stop='1615984339376'>
            <name>Filters results with composer filter within modal</name>
            <title>Filters results with composer filter within modal</title>
            <labels/>
            <parameters/>
            <steps>
                <step start='1615984335812' status='passed' stop='1615984337311'>
                    <name>I am on page "/"</name>
                    <title>I am on page "/"</title>
                    <attachments/>
                    <steps/>
                </step>
                <step start='1615984337311' status='passed' stop='1615984337637'>
                    <name>I click "Select", "button[data-test-id=select-composition-modal]"</name>
                    <title>I click "Select", "button[data-test-id=select-composition-modal]"</title>
                    <attachments/>
                    <steps/>
                </step>
                <step start='1615984337637' status='passed' stop='1615984339364'>
                    <name>I wait for element "//h6[contains(text(), "50 results")]", 45</name>
                    <title>I wait for element "//h6[contains(text(), "50 results")]", 45</title>
                    <attachments/>
                    <steps/>
                </step>
                <step start='1615984339364' status='failed' stop='1615984339376'>
                    <name>I check option "Christian Prein"</name>
                    <title>I check option "Christian Prein"</title>
                    <attachments/>
                    <steps/>
                </step>
            </steps>
            <attachments>
                <attachment title='Last Seen Screenshot' source='d4a8f179-9464-40d3-9b1f-92130d70d09e-attachment.png' type='image/png' size='123141'/>
            </attachments>
            <failure>
                <message>Checkbox or radio "Christian Prein" was not found by text|CSS|XPath</message>
                <stack-trace>Error: Checkbox or radio "Christian Prein" was not found by text|CSS|XPath
                    at new ElementNotFound (/Users/demmyhonoredevries/Code/VIDEODOCK/trompa-multimodal-component/node_modules/codeceptjs/lib/helper/errors/ElementNotFound.js:14:11)
                    at assertElementExists (/Users/demmyhonoredevries/Code/VIDEODOCK/trompa-multimodal-component/node_modules/codeceptjs/lib/helper/Playwright.js:2423:11)
                    at Playwright._locateCheckable (/Users/demmyhonoredevries/Code/VIDEODOCK/trompa-multimodal-component/node_modules/codeceptjs/lib/helper/Playwright.js:851:5)
                    at async Playwright.checkOption (/Users/demmyhonoredevries/Code/VIDEODOCK/trompa-multimodal-component/node_modules/codeceptjs/lib/helper/Playwright.js:1096:17)</stack-trace>
            </failure>
        </test-case>
        <test-case start='1615984339480' status='failed' stop='1615984343098'>
            <name>Gives results that match query and applied filter within modal</name>
            <title>Gives results that match query and applied filter within modal</title>
            <labels/>
            <parameters/>
            <steps>
                <step start='1615984339482' status='passed' stop='1615984340961'>
                    <name>I am on page "/"</name>
                    <title>I am on page "/"</title>
                    <attachments/>
                    <steps/>
                </step>
                <step start='1615984340961' status='passed' stop='1615984341289'>
                    <name>I click "Select", "button[data-test-id=select-composition-modal]"</name>
                    <title>I click "Select", "button[data-test-id=select-composition-modal]"</title>
                    <attachments/>
                    <steps/>
                </step>
                <step start='1615984341289' status='passed' stop='1615984343047'>
                    <name>I wait for element "//h6[contains(text(), "50 results")]", 45</name>
                    <title>I wait for element "//h6[contains(text(), "50 results")]", 45</title>
                    <attachments/>
                    <steps/>
                </step>
                <step start='1615984343047' status='failed' stop='1615984343098'>
                    <name>I check option "Christian Prein"</name>
                    <title>I check option "Christian Prein"</title>
                    <attachments/>
                    <steps/>
                </step>
            </steps>
            <attachments>
                <attachment title='Last Seen Screenshot' source='d1d132a0-5fa1-438c-9ad3-c175931a232d-attachment.png' type='image/png' size='123141'/>
            </attachments>
            <failure>
                <message>Checkbox or radio "Christian Prein" was not found by text|CSS|XPath</message>
                <stack-trace>Error: Checkbox or radio "Christian Prein" was not found by text|CSS|XPath
                    at new ElementNotFound (/Users/demmyhonoredevries/Code/VIDEODOCK/trompa-multimodal-component/node_modules/codeceptjs/lib/helper/errors/ElementNotFound.js:14:11)
                    at assertElementExists (/Users/demmyhonoredevries/Code/VIDEODOCK/trompa-multimodal-component/node_modules/codeceptjs/lib/helper/Playwright.js:2423:11)
                    at Playwright._locateCheckable (/Users/demmyhonoredevries/Code/VIDEODOCK/trompa-multimodal-component/node_modules/codeceptjs/lib/helper/Playwright.js:851:5)
                    at async Playwright.checkOption (/Users/demmyhonoredevries/Code/VIDEODOCK/trompa-multimodal-component/node_modules/codeceptjs/lib/helper/Playwright.js:1096:17)</stack-trace>
            </failure>
        </test-case>
        <test-case start='1615984343197' status='failed' stop='1615984346747'>
            <name>Removing filters works as expected</name>
            <title>Removing filters works as expected</title>
            <labels/>
            <parameters/>
            <steps>
                <step start='1615984343198' status='passed' stop='1615984344651'>
                    <name>I am on page "/"</name>
                    <title>I am on page "/"</title>
                    <attachments/>
                    <steps/>
                </step>
                <step start='1615984344651' status='passed' stop='1615984344971'>
                    <name>I click "Select", "button[data-test-id=select-composition-modal]"</name>
                    <title>I click "Select", "button[data-test-id=select-composition-modal]"</title>
                    <attachments/>
                    <steps/>
                </step>
                <step start='1615984344971' status='passed' stop='1615984346692'>
                    <name>I wait for element "//h6[contains(text(), "50 results")]", 45</name>
                    <title>I wait for element "//h6[contains(text(), "50 results")]", 45</title>
                    <attachments/>
                    <steps/>
                </step>
                <step start='1615984346692' status='failed' stop='1615984346747'>
                    <name>I check option "Christian Prein"</name>
                    <title>I check option "Christian Prein"</title>
                    <attachments/>
                    <steps/>
                </step>
            </steps>
            <attachments>
                <attachment title='Last Seen Screenshot' source='07a61dfa-9c5a-46a5-9bdb-5013440ed29a-attachment.png' type='image/png' size='123141'/>
            </attachments>
            <failure>
                <message>Checkbox or radio "Christian Prein" was not found by text|CSS|XPath</message>
                <stack-trace>Error: Checkbox or radio "Christian Prein" was not found by text|CSS|XPath
                    at new ElementNotFound (/Users/demmyhonoredevries/Code/VIDEODOCK/trompa-multimodal-component/node_modules/codeceptjs/lib/helper/errors/ElementNotFound.js:14:11)
                    at assertElementExists (/Users/demmyhonoredevries/Code/VIDEODOCK/trompa-multimodal-component/node_modules/codeceptjs/lib/helper/Playwright.js:2423:11)
                    at Playwright._locateCheckable (/Users/demmyhonoredevries/Code/VIDEODOCK/trompa-multimodal-component/node_modules/codeceptjs/lib/helper/Playwright.js:851:5)
                    at async Playwright.checkOption (/Users/demmyhonoredevries/Code/VIDEODOCK/trompa-multimodal-component/node_modules/codeceptjs/lib/helper/Playwright.js:1096:17)</stack-trace>
            </failure>
        </test-case>
        <test-case start='1615984346846' status='failed' stop='1615984350845'>
            <name>Adding multiple filters works as expected</name>
            <title>Adding multiple filters works as expected</title>
            <labels/>
            <parameters/>
            <steps>
                <step start='1615984346847' status='passed' stop='1615984348312'>
                    <name>I am on page "/"</name>
                    <title>I am on page "/"</title>
                    <attachments/>
                    <steps/>
                </step>
                <step start='1615984348312' status='passed' stop='1615984348641'>
                    <name>I click "Select", "button[data-test-id=select-composition-modal]"</name>
                    <title>I click "Select", "button[data-test-id=select-composition-modal]"</title>
                    <attachments/>
                    <steps/>
                </step>
                <step start='1615984348641' status='passed' stop='1615984350826'>
                    <name>I wait for element "//h6[contains(text(), "50 results")]", 45</name>
                    <title>I wait for element "//h6[contains(text(), "50 results")]", 45</title>
                    <attachments/>
                    <steps/>
                </step>
                <step start='1615984350826' status='failed' stop='1615984350845'>
                    <name>I check option "Christian Prein"</name>
                    <title>I check option "Christian Prein"</title>
                    <attachments/>
                    <steps/>
                </step>
            </steps>
            <attachments>
                <attachment title='Last Seen Screenshot' source='0d26e179-0391-4f86-af84-0e979c4165d1-attachment.png' type='image/png' size='123141'/>
            </attachments>
            <failure>
                <message>Checkbox or radio "Christian Prein" was not found by text|CSS|XPath</message>
                <stack-trace>Error: Checkbox or radio "Christian Prein" was not found by text|CSS|XPath
                    at new ElementNotFound (/Users/demmyhonoredevries/Code/VIDEODOCK/trompa-multimodal-component/node_modules/codeceptjs/lib/helper/errors/ElementNotFound.js:14:11)
                    at assertElementExists (/Users/demmyhonoredevries/Code/VIDEODOCK/trompa-multimodal-component/node_modules/codeceptjs/lib/helper/Playwright.js:2423:11)
                    at Playwright._locateCheckable (/Users/demmyhonoredevries/Code/VIDEODOCK/trompa-multimodal-component/node_modules/codeceptjs/lib/helper/Playwright.js:851:5)
                    at async Playwright.checkOption (/Users/demmyhonoredevries/Code/VIDEODOCK/trompa-multimodal-component/node_modules/codeceptjs/lib/helper/Playwright.js:1096:17)</stack-trace>
            </failure>
        </test-case>
        <test-case start='1615984350912' status='failed' stop='1615984354534'>
            <name>Narrows down composer filters with filter search box within modal</name>
            <title>Narrows down composer filters with filter search box within modal</title>
            <labels/>
            <parameters/>
            <steps>
                <step start='1615984350913' status='passed' stop='1615984352348'>
                    <name>I am on page "/"</name>
                    <title>I am on page "/"</title>
                    <attachments/>
                    <steps/>
                </step>
                <step start='1615984352348' status='passed' stop='1615984352669'>
                    <name>I click "Select", "button[data-test-id=select-composition-modal]"</name>
                    <title>I click "Select", "button[data-test-id=select-composition-modal]"</title>
                    <attachments/>
                    <steps/>
                </step>
                <step start='1615984352669' status='passed' stop='1615984354396'>
                    <name>I wait for element "//h6[contains(text(), "50 results")]", 45</name>
                    <title>I wait for element "//h6[contains(text(), "50 results")]", 45</title>
                    <attachments/>
                    <steps/>
                </step>
                <step start='1615984354396' status='failed' stop='1615984354534'>
                    <name>I fill field "search-filter", "Christian"</name>
                    <title>I fill field "search-filter", "Christian"</title>
                    <attachments/>
                    <steps/>
                </step>
            </steps>
            <attachments>
                <attachment title='Last Seen Screenshot' source='a6f3459f-d35a-4d61-8669-602728804a69-attachment.png' type='image/png' size='123141'/>
            </attachments>
            <failure>
                <message>Field "search-filter" was not found by text|CSS|XPath</message>
                <stack-trace>Error: Field "search-filter" was not found by text|CSS|XPath
                    at new ElementNotFound (/Users/demmyhonoredevries/Code/VIDEODOCK/trompa-multimodal-component/node_modules/codeceptjs/lib/helper/errors/ElementNotFound.js:14:11)
                    at assertElementExists (/Users/demmyhonoredevries/Code/VIDEODOCK/trompa-multimodal-component/node_modules/codeceptjs/lib/helper/Playwright.js:2423:11)
                    at Playwright.fillField (/Users/demmyhonoredevries/Code/VIDEODOCK/trompa-multimodal-component/node_modules/codeceptjs/lib/helper/Playwright.js:1202:5)</stack-trace>
            </failure>
        </test-case>
    </test-cases>
</ns2:test-suite>