<?xml version='1.0'?>
<ns2:test-suite xmlns:ns2='urn:model.allure.qatools.yandex.ru' start='1615984022341' stop='1615984052684'>
    <name>Composition modal:</name>
    <title>Composition modal:</title>
    <test-cases>
        <test-case start='1615984022614' status='failed' stop='1615984027164'>
            <name>Opens composition modal with expected content</name>
            <title>Opens composition modal with expected content</title>
            <labels/>
            <parameters/>
            <steps>
                <step start='1615984022629' status='passed' stop='1615984022630'>
                    <name>I use playwright to "Detect current browser", async ({ browser }) => {
                        const browserObject = await browser;
                    
                        currentBrowser = browserObject._initializer.name;
                        console.log('Current browser is:', currentBrowser);
                      }</name>
                    <title>I use playwright to "Detect current browser", async ({ browser }) => {
                        const browserObject = await browser;
                    
                        currentBrowser = browserObject._initializer.name;
                        console.log('Current browser is:', currentBrowser);
                      }</title>
                    <attachments/>
                    <steps/>
                </step>
                <step start='1615984022630' status='passed' stop='1615984023975'>
                    <name>I am on page "/"</name>
                    <title>I am on page "/"</title>
                    <attachments/>
                    <steps/>
                </step>
                <step start='1615984023975' status='passed' stop='1615984024272'>
                    <name>I click "Select", "button[data-test-id=select-composition-modal]"</name>
                    <title>I click "Select", "button[data-test-id=select-composition-modal]"</title>
                    <attachments/>
                    <steps/>
                </step>
                <step start='1615984024272' status='passed' stop='1615984026565'>
                    <name>I wait for element "//h6[contains(text(), "50 results")]", 45</name>
                    <title>I wait for element "//h6[contains(text(), "50 results")]", 45</title>
                    <attachments/>
                    <steps/>
                </step>
                <step start='1615984026565' status='passed' stop='1615984026828'>
                    <name>I save screenshot "composition_modal_loaded.png"</name>
                    <title>I save screenshot "composition_modal_loaded.png"</title>
                    <attachments/>
                    <steps/>
                </step>
                <step start='1615984026828' status='passed' stop='1615984027139'>
                    <name>I see visual diff "composition_modal_loaded.png", {"tolerance":1,"prepareBaseImage":true}</name>
                    <title>I see visual diff "composition_modal_loaded.png", {"tolerance":1,"prepareBaseImage":true}</title>
                    <attachments/>
                    <steps/>
                </step>
                <step start='1615984027139' status='passed' stop='1615984027155'>
                    <name>I see "50 results"</name>
                    <title>I see "50 results"</title>
                    <attachments/>
                    <steps/>
                </step>
                <step start='1615984027155' status='failed' stop='1615984027163'>
                    <name>I see "Composer"</name>
                    <title>I see "Composer"</title>
                    <attachments/>
                    <steps/>
                </step>
            </steps>
            <attachments>
                <attachment title='Last Seen Screenshot' source='0764c3c5-3ea4-4fe7-9c63-d9b5fbbe8f54-attachment.png' type='image/png' size='162580'/>
            </attachments>
            <failure>
                <message></message>
                <stack-trace>undefined</stack-trace>
            </failure>
        </test-case>
        <test-case start='1615984027438' status='passed' stop='1615984028412'>
            <name>Language switcher initially loads English</name>
            <title>Language switcher initially loads English</title>
            <labels/>
            <parameters/>
            <steps>
                <step start='1615984027441' status='passed' stop='1615984027780'>
                    <name>I am on page "/"</name>
                    <title>I am on page "/"</title>
                    <attachments/>
                    <steps/>
                </step>
                <step start='1615984027780' status='passed' stop='1615984028029'>
                    <name>I click "Select", "button[data-test-id=select-composition-modal]"</name>
                    <title>I click "Select", "button[data-test-id=select-composition-modal]"</title>
                    <attachments/>
                    <steps/>
                </step>
                <step start='1615984028029' status='passed' stop='1615984028038'>
                    <name>I see "English"</name>
                    <title>I see "English"</title>
                    <attachments/>
                    <steps/>
                </step>
                <step start='1615984028038' status='passed' stop='1615984028313'>
                    <name>I save screenshot "composition_modal_language_switcher_loaded.png"</name>
                    <title>I save screenshot "composition_modal_language_switcher_loaded.png"</title>
                    <attachments/>
                    <steps/>
                </step>
                <step start='1615984028313' status='passed' stop='1615984028412'>
                    <name>I see visual diff "composition_modal_language_switcher_loaded.png", {"tolerance":1,"prepareBaseImage":true,"outputSettings":{}}</name>
                    <title>I see visual diff "composition_modal_language_switcher_loaded.png", {"tolerance":1,"prepareBaseImage":true,"outputSettings":{}}</title>
                    <attachments/>
                    <steps/>
                </step>
            </steps>
            <attachments/>
        </test-case>
        <test-case start='1615984028723' status='passed' stop='1615984031018'>
            <name>Language switcher can select Dutch language</name>
            <title>Language switcher can select Dutch language</title>
            <labels/>
            <parameters/>
            <steps>
                <step start='1615984028725' status='passed' stop='1615984029048'>
                    <name>I am on page "/"</name>
                    <title>I am on page "/"</title>
                    <attachments/>
                    <steps/>
                </step>
                <step start='1615984029048' status='passed' stop='1615984029288'>
                    <name>I click "Select", "button[data-test-id=select-composition-modal]"</name>
                    <title>I click "Select", "button[data-test-id=select-composition-modal]"</title>
                    <attachments/>
                    <steps/>
                </step>
                <step start='1615984029288' status='passed' stop='1615984029474'>
                    <name>I click "English", {"xpath":"//header//li[1]"}</name>
                    <title>I click "English", {"xpath":"//header//li[1]"}</title>
                    <attachments/>
                    <steps/>
                </step>
                <step start='1615984029474' status='passed' stop='1615984030171'>
                    <name>I click "Dutch", {"xpath":"//ul//li[2]"}</name>
                    <title>I click "Dutch", {"xpath":"//ul//li[2]"}</title>
                    <attachments/>
                    <steps/>
                </step>
                <step start='1615984030171' status='passed' stop='1615984030636'>
                    <name>I see "Nederlands"</name>
                    <title>I see "Nederlands"</title>
                    <attachments/>
                    <steps/>
                </step>
                <step start='1615984030636' status='passed' stop='1615984030910'>
                    <name>I save screenshot "composition_modal_language_switcher_dutch_selected.png"</name>
                    <title>I save screenshot "composition_modal_language_switcher_dutch_selected.png"</title>
                    <attachments/>
                    <steps/>
                </step>
                <step start='1615984030911' status='passed' stop='1615984031018'>
                    <name>I see visual diff "composition_modal_language_switcher_dutch_selected.png", {"tolerance":1,"prepareBaseImage":true,"outputSettings":{}}</name>
                    <title>I see visual diff "composition_modal_language_switcher_dutch_selected.png", {"tolerance":1,"prepareBaseImage":true,"outputSettings":{}}</title>
                    <attachments/>
                    <steps/>
                </step>
            </steps>
            <attachments/>
        </test-case>
        <test-case start='1615984031030' status='failed' stop='1615984033066'>
            <name>Selects composition from modal</name>
            <title>Selects composition from modal</title>
            <labels/>
            <parameters/>
            <steps>
                <step start='1615984031032' status='passed' stop='1615984031398'>
                    <name>I am on page "/"</name>
                    <title>I am on page "/"</title>
                    <attachments/>
                    <steps/>
                </step>
                <step start='1615984031398' status='passed' stop='1615984031642'>
                    <name>I click "Select", "button[data-test-id=select-composition-modal]"</name>
                    <title>I click "Select", "button[data-test-id=select-composition-modal]"</title>
                    <attachments/>
                    <steps/>
                </step>
                <step start='1615984031642' status='passed' stop='1615984033062'>
                    <name>I wait for element "//h6[contains(text(), "50 results")]", 45</name>
                    <title>I wait for element "//h6[contains(text(), "50 results")]", 45</title>
                    <attachments/>
                    <steps/>
                </step>
                <step start='1615984033062' status='failed' stop='1615984033066'>
                    <name>I click "Tis by thy strength the mountains stand", "div[data-test-id=first-search-result]"</name>
                    <title>I click "Tis by thy strength the mountains stand", "div[data-test-id=first-search-result]"</title>
                    <attachments/>
                    <steps/>
                </step>
            </steps>
            <attachments>
                <attachment title='Last Seen Screenshot' source='39c3763b-d689-4c61-b89a-27a948c63d25-attachment.png' type='image/png' size='162580'/>
            </attachments>
            <failure>
                <message>Element "div[data-test-id=first-search-result]" was not found by text|CSS|XPath</message>
                <stack-trace>Error: Element "div[data-test-id=first-search-result]" was not found by text|CSS|XPath
                    at new ElementNotFound (/Users/demmyhonoredevries/Code/VIDEODOCK/trompa-multimodal-component/node_modules/codeceptjs/lib/helper/errors/ElementNotFound.js:14:11)
                    at assertElementExists (/Users/demmyhonoredevries/Code/VIDEODOCK/trompa-multimodal-component/node_modules/codeceptjs/lib/helper/Playwright.js:2423:11)
                    at Playwright.proceedClick (/Users/demmyhonoredevries/Code/VIDEODOCK/trompa-multimodal-component/node_modules/codeceptjs/lib/helper/Playwright.js:2175:5)</stack-trace>
            </failure>
        </test-case>
        <test-case start='1615984033335' status='failed' stop='1615984035216'>
            <name>Opens composition source link from modal</name>
            <title>Opens composition source link from modal</title>
            <labels/>
            <parameters/>
            <steps>
                <step start='1615984033336' status='passed' stop='1615984033336'>
                    <name>I close other tabs </name>
                    <title>I close other tabs </title>
                    <attachments/>
                    <steps/>
                </step>
                <step start='1615984033336' status='passed' stop='1615984033655'>
                    <name>I am on page "/"</name>
                    <title>I am on page "/"</title>
                    <attachments/>
                    <steps/>
                </step>
                <step start='1615984033655' status='passed' stop='1615984033890'>
                    <name>I click "Select", "button[data-test-id=select-composition-modal]"</name>
                    <title>I click "Select", "button[data-test-id=select-composition-modal]"</title>
                    <attachments/>
                    <steps/>
                </step>
                <step start='1615984033890' status='passed' stop='1615984035212'>
                    <name>I wait for element "//h6[contains(text(), "50 results")]", 45</name>
                    <title>I wait for element "//h6[contains(text(), "50 results")]", 45</title>
                    <attachments/>
                    <steps/>
                </step>
                <step start='1615984035212' status='failed' stop='1615984035215'>
                    <name>I click "cpdl.org", "div[data-test-id=first-search-result]"</name>
                    <title>I click "cpdl.org", "div[data-test-id=first-search-result]"</title>
                    <attachments/>
                    <steps/>
                </step>
            </steps>
            <attachments>
                <attachment title='Last Seen Screenshot' source='8bd824b6-2735-4407-a46a-1c4a83b907c2-attachment.png' type='image/png' size='162580'/>
            </attachments>
            <failure>
                <message>Element "div[data-test-id=first-search-result]" was not found by text|CSS|XPath</message>
                <stack-trace>Error: Element "div[data-test-id=first-search-result]" was not found by text|CSS|XPath
                    at new ElementNotFound (/Users/demmyhonoredevries/Code/VIDEODOCK/trompa-multimodal-component/node_modules/codeceptjs/lib/helper/errors/ElementNotFound.js:14:11)
                    at assertElementExists (/Users/demmyhonoredevries/Code/VIDEODOCK/trompa-multimodal-component/node_modules/codeceptjs/lib/helper/Playwright.js:2423:11)
                    at Playwright.proceedClick (/Users/demmyhonoredevries/Code/VIDEODOCK/trompa-multimodal-component/node_modules/codeceptjs/lib/helper/Playwright.js:2175:5)</stack-trace>
            </failure>
        </test-case>
        <test-case start='1615984035499' status='passed' stop='1615984038923'>
            <name>Gives results that match query within modal</name>
            <title>Gives results that match query within modal</title>
            <labels/>
            <parameters/>
            <steps>
                <step start='1615984035500' status='passed' stop='1615984035821'>
                    <name>I am on page "/"</name>
                    <title>I am on page "/"</title>
                    <attachments/>
                    <steps/>
                </step>
                <step start='1615984035821' status='passed' stop='1615984036054'>
                    <name>I click "Select", "button[data-test-id=select-composition-modal]"</name>
                    <title>I click "Select", "button[data-test-id=select-composition-modal]"</title>
                    <attachments/>
                    <steps/>
                </step>
                <step start='1615984036054' status='passed' stop='1615984037335'>
                    <name>I wait for element "//h6[contains(text(), "50 results")]", 45</name>
                    <title>I wait for element "//h6[contains(text(), "50 results")]", 45</title>
                    <attachments/>
                    <steps/>
                </step>
                <step start='1615984037335' status='passed' stop='1615984037554'>
                    <name>I fill field "search", "Adieu"</name>
                    <title>I fill field "search", "Adieu"</title>
                    <attachments/>
                    <steps/>
                </step>
                <step start='1615984037555' status='passed' stop='1615984038549'>
                    <name>I wait for element "//h6[contains(text(), "48 results")]", 45</name>
                    <title>I wait for element "//h6[contains(text(), "48 results")]", 45</title>
                    <attachments/>
                    <steps/>
                </step>
                <step start='1615984038549' status='passed' stop='1615984038556'>
                    <name>I see "Adieu! sweet love, adieu"</name>
                    <title>I see "Adieu! sweet love, adieu"</title>
                    <attachments/>
                    <steps/>
                </step>
                <step start='1615984038556' status='passed' stop='1615984038817'>
                    <name>I save screenshot "composition_modal_with_composition_searched.png"</name>
                    <title>I save screenshot "composition_modal_with_composition_searched.png"</title>
                    <attachments/>
                    <steps/>
                </step>
                <step start='1615984038817' status='passed' stop='1615984038923'>
                    <name>I see visual diff "composition_modal_with_composition_searched.png", {"tolerance":1,"prepareBaseImage":true,"outputSettings":{}}</name>
                    <title>I see visual diff "composition_modal_with_composition_searched.png", {"tolerance":1,"prepareBaseImage":true,"outputSettings":{}}</title>
                    <attachments/>
                    <steps/>
                </step>
            </steps>
            <attachments/>
        </test-case>
        <test-case start='1615984038934' status='passed' stop='1615984040773'>
            <name>All relevant source links display in modal</name>
            <title>All relevant source links display in modal</title>
            <labels/>
            <parameters/>
            <steps>
                <step start='1615984038937' status='passed' stop='1615984039261'>
                    <name>I am on page "/"</name>
                    <title>I am on page "/"</title>
                    <attachments/>
                    <steps/>
                </step>
                <step start='1615984039261' status='passed' stop='1615984039507'>
                    <name>I click "Select", "button[data-test-id=select-composition-modal]"</name>
                    <title>I click "Select", "button[data-test-id=select-composition-modal]"</title>
                    <attachments/>
                    <steps/>
                </step>
                <step start='1615984039507' status='passed' stop='1615984040760'>
                    <name>I wait for element "//h6[contains(text(), "50 results")]", 45</name>
                    <title>I wait for element "//h6[contains(text(), "50 results")]", 45</title>
                    <attachments/>
                    <steps/>
                </step>
                <step start='1615984040760' status='passed' stop='1615984040768'>
                    <name>I see "cpdl.org"</name>
                    <title>I see "cpdl.org"</title>
                    <attachments/>
                    <steps/>
                </step>
                <step start='1615984040768' status='passed' stop='1615984040773'>
                    <name>I see "en.wikipedia.org"</name>
                    <title>I see "en.wikipedia.org"</title>
                    <attachments/>
                    <steps/>
                </step>
            </steps>
            <attachments/>
        </test-case>
        <test-case start='1615984040778' status='failed' stop='1615984042692'>
            <name>Filters results with composer filter within modal</name>
            <title>Filters results with composer filter within modal</title>
            <labels/>
            <parameters/>
            <steps>
                <step start='1615984040780' status='passed' stop='1615984041098'>
                    <name>I am on page "/"</name>
                    <title>I am on page "/"</title>
                    <attachments/>
                    <steps/>
                </step>
                <step start='1615984041098' status='passed' stop='1615984041334'>
                    <name>I click "Select", "button[data-test-id=select-composition-modal]"</name>
                    <title>I click "Select", "button[data-test-id=select-composition-modal]"</title>
                    <attachments/>
                    <steps/>
                </step>
                <step start='1615984041334' status='passed' stop='1615984042685'>
                    <name>I wait for element "//h6[contains(text(), "50 results")]", 45</name>
                    <title>I wait for element "//h6[contains(text(), "50 results")]", 45</title>
                    <attachments/>
                    <steps/>
                </step>
                <step start='1615984042685' status='failed' stop='1615984042692'>
                    <name>I check option "Christian Prein"</name>
                    <title>I check option "Christian Prein"</title>
                    <attachments/>
                    <steps/>
                </step>
            </steps>
            <attachments>
                <attachment title='Last Seen Screenshot' source='9ee3f731-c9a8-4944-9db5-343bbc8ddc56-attachment.png' type='image/png' size='162580'/>
            </attachments>
            <failure>
                <message>Checkbox or radio "Christian Prein" was not found by text|CSS|XPath</message>
                <stack-trace>Error: Checkbox or radio "Christian Prein" was not found by text|CSS|XPath
                    at new ElementNotFound (/Users/demmyhonoredevries/Code/VIDEODOCK/trompa-multimodal-component/node_modules/codeceptjs/lib/helper/errors/ElementNotFound.js:14:11)
                    at assertElementExists (/Users/demmyhonoredevries/Code/VIDEODOCK/trompa-multimodal-component/node_modules/codeceptjs/lib/helper/Playwright.js:2423:11)
                    at Playwright._locateCheckable (/Users/demmyhonoredevries/Code/VIDEODOCK/trompa-multimodal-component/node_modules/codeceptjs/lib/helper/Playwright.js:851:5)
                    at async Playwright.checkOption (/Users/demmyhonoredevries/Code/VIDEODOCK/trompa-multimodal-component/node_modules/codeceptjs/lib/helper/Playwright.js:1096:17)</stack-trace>
            </failure>
        </test-case>
        <test-case start='1615984042983' status='failed' stop='1615984044826'>
            <name>Gives results that match query and applied filter within modal</name>
            <title>Gives results that match query and applied filter within modal</title>
            <labels/>
            <parameters/>
            <steps>
                <step start='1615984042984' status='passed' stop='1615984043307'>
                    <name>I am on page "/"</name>
                    <title>I am on page "/"</title>
                    <attachments/>
                    <steps/>
                </step>
                <step start='1615984043307' status='passed' stop='1615984043537'>
                    <name>I click "Select", "button[data-test-id=select-composition-modal]"</name>
                    <title>I click "Select", "button[data-test-id=select-composition-modal]"</title>
                    <attachments/>
                    <steps/>
                </step>
                <step start='1615984043537' status='passed' stop='1615984044818'>
                    <name>I wait for element "//h6[contains(text(), "50 results")]", 45</name>
                    <title>I wait for element "//h6[contains(text(), "50 results")]", 45</title>
                    <attachments/>
                    <steps/>
                </step>
                <step start='1615984044818' status='failed' stop='1615984044826'>
                    <name>I check option "Christian Prein"</name>
                    <title>I check option "Christian Prein"</title>
                    <attachments/>
                    <steps/>
                </step>
            </steps>
            <attachments>
                <attachment title='Last Seen Screenshot' source='eaf254c3-6b42-486a-8a2e-e12ab11d36f0-attachment.png' type='image/png' size='162580'/>
            </attachments>
            <failure>
                <message>Checkbox or radio "Christian Prein" was not found by text|CSS|XPath</message>
                <stack-trace>Error: Checkbox or radio "Christian Prein" was not found by text|CSS|XPath
                    at new ElementNotFound (/Users/demmyhonoredevries/Code/VIDEODOCK/trompa-multimodal-component/node_modules/codeceptjs/lib/helper/errors/ElementNotFound.js:14:11)
                    at assertElementExists (/Users/demmyhonoredevries/Code/VIDEODOCK/trompa-multimodal-component/node_modules/codeceptjs/lib/helper/Playwright.js:2423:11)
                    at Playwright._locateCheckable (/Users/demmyhonoredevries/Code/VIDEODOCK/trompa-multimodal-component/node_modules/codeceptjs/lib/helper/Playwright.js:851:5)
                    at async Playwright.checkOption (/Users/demmyhonoredevries/Code/VIDEODOCK/trompa-multimodal-component/node_modules/codeceptjs/lib/helper/Playwright.js:1096:17)</stack-trace>
            </failure>
        </test-case>
        <test-case start='1615984045117' status='failed' stop='1615984046951'>
            <name>Removing filters works as expected</name>
            <title>Removing filters works as expected</title>
            <labels/>
            <parameters/>
            <steps>
                <step start='1615984045118' status='passed' stop='1615984045437'>
                    <name>I am on page "/"</name>
                    <title>I am on page "/"</title>
                    <attachments/>
                    <steps/>
                </step>
                <step start='1615984045437' status='passed' stop='1615984045671'>
                    <name>I click "Select", "button[data-test-id=select-composition-modal]"</name>
                    <title>I click "Select", "button[data-test-id=select-composition-modal]"</title>
                    <attachments/>
                    <steps/>
                </step>
                <step start='1615984045671' status='passed' stop='1615984046944'>
                    <name>I wait for element "//h6[contains(text(), "50 results")]", 45</name>
                    <title>I wait for element "//h6[contains(text(), "50 results")]", 45</title>
                    <attachments/>
                    <steps/>
                </step>
                <step start='1615984046944' status='failed' stop='1615984046951'>
                    <name>I check option "Christian Prein"</name>
                    <title>I check option "Christian Prein"</title>
                    <attachments/>
                    <steps/>
                </step>
            </steps>
            <attachments>
                <attachment title='Last Seen Screenshot' source='9376d6a9-74f9-464b-82c0-8634c0f08208-attachment.png' type='image/png' size='162580'/>
            </attachments>
            <failure>
                <message>Checkbox or radio "Christian Prein" was not found by text|CSS|XPath</message>
                <stack-trace>Error: Checkbox or radio "Christian Prein" was not found by text|CSS|XPath
                    at new ElementNotFound (/Users/demmyhonoredevries/Code/VIDEODOCK/trompa-multimodal-component/node_modules/codeceptjs/lib/helper/errors/ElementNotFound.js:14:11)
                    at assertElementExists (/Users/demmyhonoredevries/Code/VIDEODOCK/trompa-multimodal-component/node_modules/codeceptjs/lib/helper/Playwright.js:2423:11)
                    at Playwright._locateCheckable (/Users/demmyhonoredevries/Code/VIDEODOCK/trompa-multimodal-component/node_modules/codeceptjs/lib/helper/Playwright.js:851:5)
                    at async Playwright.checkOption (/Users/demmyhonoredevries/Code/VIDEODOCK/trompa-multimodal-component/node_modules/codeceptjs/lib/helper/Playwright.js:1096:17)</stack-trace>
            </failure>
        </test-case>
        <test-case start='1615984047215' status='failed' stop='1615984049479'>
            <name>Adding multiple filters works as expected</name>
            <title>Adding multiple filters works as expected</title>
            <labels/>
            <parameters/>
            <steps>
                <step start='1615984047217' status='passed' stop='1615984047541'>
                    <name>I am on page "/"</name>
                    <title>I am on page "/"</title>
                    <attachments/>
                    <steps/>
                </step>
                <step start='1615984047541' status='passed' stop='1615984047797'>
                    <name>I click "Select", "button[data-test-id=select-composition-modal]"</name>
                    <title>I click "Select", "button[data-test-id=select-composition-modal]"</title>
                    <attachments/>
                    <steps/>
                </step>
                <step start='1615984047798' status='passed' stop='1615984049471'>
                    <name>I wait for element "//h6[contains(text(), "50 results")]", 45</name>
                    <title>I wait for element "//h6[contains(text(), "50 results")]", 45</title>
                    <attachments/>
                    <steps/>
                </step>
                <step start='1615984049471' status='failed' stop='1615984049478'>
                    <name>I check option "Christian Prein"</name>
                    <title>I check option "Christian Prein"</title>
                    <attachments/>
                    <steps/>
                </step>
            </steps>
            <attachments>
                <attachment title='Last Seen Screenshot' source='931fee68-a73c-464d-8ee5-3c7f67e4f17d-attachment.png' type='image/png' size='162580'/>
            </attachments>
            <failure>
                <message>Checkbox or radio "Christian Prein" was not found by text|CSS|XPath</message>
                <stack-trace>Error: Checkbox or radio "Christian Prein" was not found by text|CSS|XPath
                    at new ElementNotFound (/Users/demmyhonoredevries/Code/VIDEODOCK/trompa-multimodal-component/node_modules/codeceptjs/lib/helper/errors/ElementNotFound.js:14:11)
                    at assertElementExists (/Users/demmyhonoredevries/Code/VIDEODOCK/trompa-multimodal-component/node_modules/codeceptjs/lib/helper/Playwright.js:2423:11)
                    at Playwright._locateCheckable (/Users/demmyhonoredevries/Code/VIDEODOCK/trompa-multimodal-component/node_modules/codeceptjs/lib/helper/Playwright.js:851:5)
                    at async Playwright.checkOption (/Users/demmyhonoredevries/Code/VIDEODOCK/trompa-multimodal-component/node_modules/codeceptjs/lib/helper/Playwright.js:1096:17)</stack-trace>
            </failure>
        </test-case>
        <test-case start='1615984049765' status='failed' stop='1615984052411'>
            <name>Narrows down composer filters with filter search box within modal</name>
            <title>Narrows down composer filters with filter search box within modal</title>
            <labels/>
            <parameters/>
            <steps>
                <step start='1615984049768' status='passed' stop='1615984050141'>
                    <name>I am on page "/"</name>
                    <title>I am on page "/"</title>
                    <attachments/>
                    <steps/>
                </step>
                <step start='1615984050141' status='passed' stop='1615984050391'>
                    <name>I click "Select", "button[data-test-id=select-composition-modal]"</name>
                    <title>I click "Select", "button[data-test-id=select-composition-modal]"</title>
                    <attachments/>
                    <steps/>
                </step>
                <step start='1615984050391' status='passed' stop='1615984052116'>
                    <name>I wait for element "//h6[contains(text(), "50 results")]", 45</name>
                    <title>I wait for element "//h6[contains(text(), "50 results")]", 45</title>
                    <attachments/>
                    <steps/>
                </step>
                <step start='1615984052116' status='failed' stop='1615984052410'>
                    <name>I fill field "search-filter", "Christian"</name>
                    <title>I fill field "search-filter", "Christian"</title>
                    <attachments/>
                    <steps/>
                </step>
            </steps>
            <attachments>
                <attachment title='Last Seen Screenshot' source='c820fbf5-b5e9-45d2-bf48-3d9234b09f0f-attachment.png' type='image/png' size='162580'/>
            </attachments>
            <failure>
                <message>Field "search-filter" was not found by text|CSS|XPath</message>
                <stack-trace>Error: Field "search-filter" was not found by text|CSS|XPath
                    at new ElementNotFound (/Users/demmyhonoredevries/Code/VIDEODOCK/trompa-multimodal-component/node_modules/codeceptjs/lib/helper/errors/ElementNotFound.js:14:11)
                    at assertElementExists (/Users/demmyhonoredevries/Code/VIDEODOCK/trompa-multimodal-component/node_modules/codeceptjs/lib/helper/Playwright.js:2423:11)
                    at Playwright.fillField (/Users/demmyhonoredevries/Code/VIDEODOCK/trompa-multimodal-component/node_modules/codeceptjs/lib/helper/Playwright.js:1202:5)</stack-trace>
            </failure>
        </test-case>
    </test-cases>
</ns2:test-suite>