<?xml version='1.0'?>
<ns2:test-suite xmlns:ns2='urn:model.allure.qatools.yandex.ru' start='1615984101707' stop='1615984122887'>
    <name>Score modal:</name>
    <title>Score modal:</title>
    <test-cases>
        <test-case start='1615984101707' status='failed' stop='1615984103943'>
            <name>Opens score modal with expected content</name>
            <title>Opens score modal with expected content</title>
            <labels/>
            <parameters/>
            <steps>
                <step start='1615984101709' status='passed' stop='1615984101710'>
                    <name>I use playwright to "Detect current browser", async ({ browser }) => {
                        const browserObject = await browser;
                    
                        currentBrowser = browserObject._initializer.name;
                        console.log('Current browser is:', currentBrowser);
                      }</name>
                    <title>I use playwright to "Detect current browser", async ({ browser }) => {
                        const browserObject = await browser;
                    
                        currentBrowser = browserObject._initializer.name;
                        console.log('Current browser is:', currentBrowser);
                      }</title>
                    <attachments/>
                    <steps/>
                </step>
                <step start='1615984101710' status='passed' stop='1615984102035'>
                    <name>I am on page "/"</name>
                    <title>I am on page "/"</title>
                    <attachments/>
                    <steps/>
                </step>
                <step start='1615984102035' status='passed' stop='1615984102255'>
                    <name>I click "Select", "button[data-test-id=select-score-modal]"</name>
                    <title>I click "Select", "button[data-test-id=select-score-modal]"</title>
                    <attachments/>
                    <steps/>
                </step>
                <step start='1615984102255' status='passed' stop='1615984103559'>
                    <name>I wait for element "//h6[contains(text(), "50 results")]", 45</name>
                    <title>I wait for element "//h6[contains(text(), "50 results")]", 45</title>
                    <attachments/>
                    <steps/>
                </step>
                <step start='1615984103560' status='passed' stop='1615984103813'>
                    <name>I save screenshot "score_modal_loaded.png"</name>
                    <title>I save screenshot "score_modal_loaded.png"</title>
                    <attachments/>
                    <steps/>
                </step>
                <step start='1615984103813' status='passed' stop='1615984103927'>
                    <name>I see visual diff "score_modal_loaded.png", {"tolerance":1,"prepareBaseImage":true,"outputSettings":{}}</name>
                    <title>I see visual diff "score_modal_loaded.png", {"tolerance":1,"prepareBaseImage":true,"outputSettings":{}}</title>
                    <attachments/>
                    <steps/>
                </step>
                <step start='1615984103927' status='passed' stop='1615984103935'>
                    <name>I see "50 results"</name>
                    <title>I see "50 results"</title>
                    <attachments/>
                    <steps/>
                </step>
                <step start='1615984103935' status='failed' stop='1615984103943'>
                    <name>I see "Composer"</name>
                    <title>I see "Composer"</title>
                    <attachments/>
                    <steps/>
                </step>
            </steps>
            <attachments>
                <attachment title='Last Seen Screenshot' source='7f878f12-5412-4995-a763-8897f8182d44-attachment.png' type='image/png' size='103404'/>
            </attachments>
            <failure>
                <message></message>
                <stack-trace>undefined</stack-trace>
            </failure>
        </test-case>
        <test-case start='1615984104205' status='passed' stop='1615984105173'>
            <name>Language switcher initially loads English</name>
            <title>Language switcher initially loads English</title>
            <labels/>
            <parameters/>
            <steps>
                <step start='1615984104206' status='passed' stop='1615984104531'>
                    <name>I am on page "/"</name>
                    <title>I am on page "/"</title>
                    <attachments/>
                    <steps/>
                </step>
                <step start='1615984104531' status='passed' stop='1615984104766'>
                    <name>I click "Select", "button[data-test-id=select-score-modal]"</name>
                    <title>I click "Select", "button[data-test-id=select-score-modal]"</title>
                    <attachments/>
                    <steps/>
                </step>
                <step start='1615984104766' status='passed' stop='1615984104774'>
                    <name>I see "English"</name>
                    <title>I see "English"</title>
                    <attachments/>
                    <steps/>
                </step>
                <step start='1615984104775' status='passed' stop='1615984105055'>
                    <name>I save screenshot "score_modal_language_switcher_loaded.png"</name>
                    <title>I save screenshot "score_modal_language_switcher_loaded.png"</title>
                    <attachments/>
                    <steps/>
                </step>
                <step start='1615984105055' status='passed' stop='1615984105173'>
                    <name>I see visual diff "score_modal_language_switcher_loaded.png", {"tolerance":1,"prepareBaseImage":true,"outputSettings":{}}</name>
                    <title>I see visual diff "score_modal_language_switcher_loaded.png", {"tolerance":1,"prepareBaseImage":true,"outputSettings":{}}</title>
                    <attachments/>
                    <steps/>
                </step>
            </steps>
            <attachments/>
        </test-case>
        <test-case start='1615984105496' status='passed' stop='1615984107760'>
            <name>Language switcher can select Dutch language</name>
            <title>Language switcher can select Dutch language</title>
            <labels/>
            <parameters/>
            <steps>
                <step start='1615984105498' status='passed' stop='1615984105819'>
                    <name>I am on page "/"</name>
                    <title>I am on page "/"</title>
                    <attachments/>
                    <steps/>
                </step>
                <step start='1615984105819' status='passed' stop='1615984106052'>
                    <name>I click "Select", "button[data-test-id=select-score-modal]"</name>
                    <title>I click "Select", "button[data-test-id=select-score-modal]"</title>
                    <attachments/>
                    <steps/>
                </step>
                <step start='1615984106052' status='passed' stop='1615984106239'>
                    <name>I click "English", {"xpath":"//header//li[1]"}</name>
                    <title>I click "English", {"xpath":"//header//li[1]"}</title>
                    <attachments/>
                    <steps/>
                </step>
                <step start='1615984106239' status='passed' stop='1615984106913'>
                    <name>I click "Dutch", {"xpath":"//ul//li[2]"}</name>
                    <title>I click "Dutch", {"xpath":"//ul//li[2]"}</title>
                    <attachments/>
                    <steps/>
                </step>
                <step start='1615984106913' status='passed' stop='1615984107374'>
                    <name>I see "Nederlands"</name>
                    <title>I see "Nederlands"</title>
                    <attachments/>
                    <steps/>
                </step>
                <step start='1615984107374' status='passed' stop='1615984107646'>
                    <name>I save screenshot "score_modal_language_switcher_dutch_selected.png"</name>
                    <title>I save screenshot "score_modal_language_switcher_dutch_selected.png"</title>
                    <attachments/>
                    <steps/>
                </step>
                <step start='1615984107646' status='passed' stop='1615984107760'>
                    <name>I see visual diff "score_modal_language_switcher_dutch_selected.png", {"tolerance":1,"prepareBaseImage":true,"outputSettings":{}}</name>
                    <title>I see visual diff "score_modal_language_switcher_dutch_selected.png", {"tolerance":1,"prepareBaseImage":true,"outputSettings":{}}</title>
                    <attachments/>
                    <steps/>
                </step>
            </steps>
            <attachments/>
        </test-case>
        <test-case start='1615984107765' status='failed' stop='1615984109688'>
            <name>Selects score from modal</name>
            <title>Selects score from modal</title>
            <labels/>
            <parameters/>
            <steps>
                <step start='1615984107766' status='passed' stop='1615984108131'>
                    <name>I am on page "/"</name>
                    <title>I am on page "/"</title>
                    <attachments/>
                    <steps/>
                </step>
                <step start='1615984108131' status='passed' stop='1615984108381'>
                    <name>I click "Select", "button[data-test-id=select-score-modal]"</name>
                    <title>I click "Select", "button[data-test-id=select-score-modal]"</title>
                    <attachments/>
                    <steps/>
                </step>
                <step start='1615984108381' status='passed' stop='1615984109684'>
                    <name>I wait for element "//h6[contains(text(), "50 results")]", 45</name>
                    <title>I wait for element "//h6[contains(text(), "50 results")]", 45</title>
                    <attachments/>
                    <steps/>
                </step>
                <step start='1615984109684' status='failed' stop='1615984109688'>
                    <name>I click "Tis by thy strength the mountains stand", "div[data-test-id=first-search-result]"</name>
                    <title>I click "Tis by thy strength the mountains stand", "div[data-test-id=first-search-result]"</title>
                    <attachments/>
                    <steps/>
                </step>
            </steps>
            <attachments>
                <attachment title='Last Seen Screenshot' source='75c446a0-a22e-4b2e-b210-8e920f46d2ef-attachment.png' type='image/png' size='103404'/>
            </attachments>
            <failure>
                <message>Element "div[data-test-id=first-search-result]" was not found by text|CSS|XPath</message>
                <stack-trace>Error: Element "div[data-test-id=first-search-result]" was not found by text|CSS|XPath
                    at new ElementNotFound (/Users/demmyhonoredevries/Code/VIDEODOCK/trompa-multimodal-component/node_modules/codeceptjs/lib/helper/errors/ElementNotFound.js:14:11)
                    at assertElementExists (/Users/demmyhonoredevries/Code/VIDEODOCK/trompa-multimodal-component/node_modules/codeceptjs/lib/helper/Playwright.js:2423:11)
                    at Playwright.proceedClick (/Users/demmyhonoredevries/Code/VIDEODOCK/trompa-multimodal-component/node_modules/codeceptjs/lib/helper/Playwright.js:2175:5)</stack-trace>
            </failure>
        </test-case>
        <test-case start='1615984109968' status='failed' stop='1615984112521'>
            <name>Opens and closes source image link from modal</name>
            <title>Opens and closes source image link from modal</title>
            <labels/>
            <parameters/>
            <steps>
                <step start='1615984109971' status='passed' stop='1615984109971'>
                    <name>I close other tabs </name>
                    <title>I close other tabs </title>
                    <attachments/>
                    <steps/>
                </step>
                <step start='1615984109971' status='passed' stop='1615984110289'>
                    <name>I am on page "/"</name>
                    <title>I am on page "/"</title>
                    <attachments/>
                    <steps/>
                </step>
                <step start='1615984110289' status='passed' stop='1615984110537'>
                    <name>I click "Select", "button[data-test-id=select-score-modal]"</name>
                    <title>I click "Select", "button[data-test-id=select-score-modal]"</title>
                    <attachments/>
                    <steps/>
                </step>
                <step start='1615984110537' status='passed' stop='1615984112517'>
                    <name>I wait for element "//h6[contains(text(), "50 results")]", 45</name>
                    <title>I wait for element "//h6[contains(text(), "50 results")]", 45</title>
                    <attachments/>
                    <steps/>
                </step>
                <step start='1615984112517' status='failed' stop='1615984112521'>
                    <name>I click "cpdl.org", "div[data-test-id=first-search-result]"</name>
                    <title>I click "cpdl.org", "div[data-test-id=first-search-result]"</title>
                    <attachments/>
                    <steps/>
                </step>
            </steps>
            <attachments>
                <attachment title='Last Seen Screenshot' source='cd5b2f55-5b18-4e8b-b72a-fe2ef866216e-attachment.png' type='image/png' size='103404'/>
            </attachments>
            <failure>
                <message>Element "div[data-test-id=first-search-result]" was not found by text|CSS|XPath</message>
                <stack-trace>Error: Element "div[data-test-id=first-search-result]" was not found by text|CSS|XPath
                    at new ElementNotFound (/Users/demmyhonoredevries/Code/VIDEODOCK/trompa-multimodal-component/node_modules/codeceptjs/lib/helper/errors/ElementNotFound.js:14:11)
                    at assertElementExists (/Users/demmyhonoredevries/Code/VIDEODOCK/trompa-multimodal-component/node_modules/codeceptjs/lib/helper/Playwright.js:2423:11)
                    at Playwright.proceedClick (/Users/demmyhonoredevries/Code/VIDEODOCK/trompa-multimodal-component/node_modules/codeceptjs/lib/helper/Playwright.js:2175:5)</stack-trace>
            </failure>
        </test-case>
        <test-case start='1615984112803' status='passed' stop='1615984116111'>
            <name>Gives results that match query within modal</name>
            <title>Gives results that match query within modal</title>
            <labels/>
            <parameters/>
            <steps>
                <step start='1615984112804' status='passed' stop='1615984113123'>
                    <name>I am on page "/"</name>
                    <title>I am on page "/"</title>
                    <attachments/>
                    <steps/>
                </step>
                <step start='1615984113123' status='passed' stop='1615984113369'>
                    <name>I click "Select", "button[data-test-id=select-score-modal]"</name>
                    <title>I click "Select", "button[data-test-id=select-score-modal]"</title>
                    <attachments/>
                    <steps/>
                </step>
                <step start='1615984113369' status='passed' stop='1615984114632'>
                    <name>I wait for element "//h6[contains(text(), "50 results")]", 45</name>
                    <title>I wait for element "//h6[contains(text(), "50 results")]", 45</title>
                    <attachments/>
                    <steps/>
                </step>
                <step start='1615984114632' status='passed' stop='1615984114849'>
                    <name>I fill field "search", "Adieu"</name>
                    <title>I fill field "search", "Adieu"</title>
                    <attachments/>
                    <steps/>
                </step>
                <step start='1615984114849' status='passed' stop='1615984115725'>
                    <name>I wait for element "//h6[contains(text(), "33 results")]", 45</name>
                    <title>I wait for element "//h6[contains(text(), "33 results")]", 45</title>
                    <attachments/>
                    <steps/>
                </step>
                <step start='1615984115725' status='passed' stop='1615984115730'>
                    <name>I see "Adieu! sweet love, adieu"</name>
                    <title>I see "Adieu! sweet love, adieu"</title>
                    <attachments/>
                    <steps/>
                </step>
                <step start='1615984115730' status='passed' stop='1615984115994'>
                    <name>I save screenshot "score_modal_with_score_searched.png"</name>
                    <title>I save screenshot "score_modal_with_score_searched.png"</title>
                    <attachments/>
                    <steps/>
                </step>
                <step start='1615984115994' status='passed' stop='1615984116111'>
                    <name>I see visual diff "score_modal_with_score_searched.png", {"tolerance":1,"prepareBaseImage":true,"outputSettings":{}}</name>
                    <title>I see visual diff "score_modal_with_score_searched.png", {"tolerance":1,"prepareBaseImage":true,"outputSettings":{}}</title>
                    <attachments/>
                    <steps/>
                </step>
            </steps>
            <attachments/>
        </test-case>
        <test-case start='1615984116124' status='passed' stop='1615984118003'>
            <name>All relevant source links display in modal</name>
            <title>All relevant source links display in modal</title>
            <labels/>
            <parameters/>
            <steps>
                <step start='1615984116126' status='passed' stop='1615984116499'>
                    <name>I am on page "/"</name>
                    <title>I am on page "/"</title>
                    <attachments/>
                    <steps/>
                </step>
                <step start='1615984116499' status='passed' stop='1615984116726'>
                    <name>I click "Select", "button[data-test-id=select-score-modal]"</name>
                    <title>I click "Select", "button[data-test-id=select-score-modal]"</title>
                    <attachments/>
                    <steps/>
                </step>
                <step start='1615984116727' status='passed' stop='1615984117996'>
                    <name>I wait for element "//h6[contains(text(), "50 results")]", 45</name>
                    <title>I wait for element "//h6[contains(text(), "50 results")]", 45</title>
                    <attachments/>
                    <steps/>
                </step>
                <step start='1615984117996' status='passed' stop='1615984118002'>
                    <name>I see "cpdl.org"</name>
                    <title>I see "cpdl.org"</title>
                    <attachments/>
                    <steps/>
                </step>
            </steps>
            <attachments/>
        </test-case>
        <test-case start='1615984118007' status='failed' stop='1615984119789'>
            <name>Removing filters works as expected</name>
            <title>Removing filters works as expected</title>
            <labels/>
            <parameters/>
            <steps>
                <step start='1615984118008' status='passed' stop='1615984118325'>
                    <name>I am on page "/"</name>
                    <title>I am on page "/"</title>
                    <attachments/>
                    <steps/>
                </step>
                <step start='1615984118325' status='passed' stop='1615984118575'>
                    <name>I click "Select", "button[data-test-id=select-score-modal]"</name>
                    <title>I click "Select", "button[data-test-id=select-score-modal]"</title>
                    <attachments/>
                    <steps/>
                </step>
                <step start='1615984118575' status='passed' stop='1615984119782'>
                    <name>I wait for element "//h6[contains(text(), "50 results")]", 45</name>
                    <title>I wait for element "//h6[contains(text(), "50 results")]", 45</title>
                    <attachments/>
                    <steps/>
                </step>
                <step start='1615984119783' status='failed' stop='1615984119789'>
                    <name>I check option "Christian Prein"</name>
                    <title>I check option "Christian Prein"</title>
                    <attachments/>
                    <steps/>
                </step>
            </steps>
            <attachments>
                <attachment title='Last Seen Screenshot' source='74bab5c6-0bfb-4bde-8f93-6ba1fec5b4c6-attachment.png' type='image/png' size='103404'/>
            </attachments>
            <failure>
                <message>Checkbox or radio "Christian Prein" was not found by text|CSS|XPath</message>
                <stack-trace>Error: Checkbox or radio "Christian Prein" was not found by text|CSS|XPath
                    at new ElementNotFound (/Users/demmyhonoredevries/Code/VIDEODOCK/trompa-multimodal-component/node_modules/codeceptjs/lib/helper/errors/ElementNotFound.js:14:11)
                    at assertElementExists (/Users/demmyhonoredevries/Code/VIDEODOCK/trompa-multimodal-component/node_modules/codeceptjs/lib/helper/Playwright.js:2423:11)
                    at Playwright._locateCheckable (/Users/demmyhonoredevries/Code/VIDEODOCK/trompa-multimodal-component/node_modules/codeceptjs/lib/helper/Playwright.js:851:5)
                    at async Playwright.checkOption (/Users/demmyhonoredevries/Code/VIDEODOCK/trompa-multimodal-component/node_modules/codeceptjs/lib/helper/Playwright.js:1096:17)</stack-trace>
            </failure>
        </test-case>
        <test-case start='1615984120069' status='failed' stop='1615984122618'>
            <name>Adding multiple filters works as expected</name>
            <title>Adding multiple filters works as expected</title>
            <labels/>
            <parameters/>
            <steps>
                <step start='1615984120070' status='passed' stop='1615984120393'>
                    <name>I am on page "/"</name>
                    <title>I am on page "/"</title>
                    <attachments/>
                    <steps/>
                </step>
                <step start='1615984120393' status='passed' stop='1615984120635'>
                    <name>I click "Select", "button[data-test-id=select-score-modal]"</name>
                    <title>I click "Select", "button[data-test-id=select-score-modal]"</title>
                    <attachments/>
                    <steps/>
                </step>
                <step start='1615984120635' status='passed' stop='1615984122611'>
                    <name>I wait for element "//h6[contains(text(), "50 results")]", 45</name>
                    <title>I wait for element "//h6[contains(text(), "50 results")]", 45</title>
                    <attachments/>
                    <steps/>
                </step>
                <step start='1615984122611' status='failed' stop='1615984122618'>
                    <name>I check option "Christian Prein"</name>
                    <title>I check option "Christian Prein"</title>
                    <attachments/>
                    <steps/>
                </step>
            </steps>
            <attachments>
                <attachment title='Last Seen Screenshot' source='5faabbf5-bd3f-4c40-b006-d888fc3f4459-attachment.png' type='image/png' size='103404'/>
            </attachments>
            <failure>
                <message>Checkbox or radio "Christian Prein" was not found by text|CSS|XPath</message>
                <stack-trace>Error: Checkbox or radio "Christian Prein" was not found by text|CSS|XPath
                    at new ElementNotFound (/Users/demmyhonoredevries/Code/VIDEODOCK/trompa-multimodal-component/node_modules/codeceptjs/lib/helper/errors/ElementNotFound.js:14:11)
                    at assertElementExists (/Users/demmyhonoredevries/Code/VIDEODOCK/trompa-multimodal-component/node_modules/codeceptjs/lib/helper/Playwright.js:2423:11)
                    at Playwright._locateCheckable (/Users/demmyhonoredevries/Code/VIDEODOCK/trompa-multimodal-component/node_modules/codeceptjs/lib/helper/Playwright.js:851:5)
                    at async Playwright.checkOption (/Users/demmyhonoredevries/Code/VIDEODOCK/trompa-multimodal-component/node_modules/codeceptjs/lib/helper/Playwright.js:1096:17)</stack-trace>
            </failure>
        </test-case>
    </test-cases>
</ns2:test-suite>