<?xml version='1.0'?>
<ns2:test-suite xmlns:ns2='urn:model.allure.qatools.yandex.ru' start='1615997136277' stop='1615997160326'>
    <name>Score modal:</name>
    <title>Score modal:</title>
    <test-cases>
        <test-case start='1615997136560' status='failed' stop='1615997141326'>
            <name>Opens score modal with expected content</name>
            <title>Opens score modal with expected content</title>
            <labels>
                <label name='testType' value='screenshotDiff'/>
            </labels>
            <parameters/>
            <steps>
                <step start='1615997136575' status='passed' stop='1615997136575'>
                    <name>I use playwright to "Detect current browser", async ({ browser }) => {
                        const browserObject = await browser;
                    
                        currentBrowser = browserObject._initializer.name;
                        console.log('Current browser is:', currentBrowser);
                      }</name>
                    <title>I use playwright to "Detect current browser", async ({ browser }) => {
                        const browserObject = await browser;
                    
                        currentBrowser = browserObject._initializer.name;
                        console.log('Current browser is:', currentBrowser);
                      }</title>
                    <attachments/>
                    <steps/>
                </step>
                <step start='1615997136576' status='passed' stop='1615997138030'>
                    <name>I am on page "/"</name>
                    <title>I am on page "/"</title>
                    <attachments/>
                    <steps/>
                </step>
                <step start='1615997138030' status='passed' stop='1615997138340'>
                    <name>I click "Select", "button[data-test-id=select-score-modal]"</name>
                    <title>I click "Select", "button[data-test-id=select-score-modal]"</title>
                    <attachments/>
                    <steps/>
                </step>
                <step start='1615997138340' status='passed' stop='1615997140726'>
                    <name>I wait for element "//h6[contains(text(), "50 results")]", 15</name>
                    <title>I wait for element "//h6[contains(text(), "50 results")]", 15</title>
                    <attachments/>
                    <steps/>
                </step>
                <step start='1615997140726' status='passed' stop='1615997140985'>
                    <name>I save screenshot "score_modal_loaded.png"</name>
                    <title>I save screenshot "score_modal_loaded.png"</title>
                    <attachments/>
                    <steps/>
                </step>
                <step start='1615997140985' status='passed' stop='1615997141303'>
                    <name>I see visual diff "score_modal_loaded.png", {"tolerance":1,"prepareBaseImage":true}</name>
                    <title>I see visual diff "score_modal_loaded.png", {"tolerance":1,"prepareBaseImage":true}</title>
                    <attachments/>
                    <steps/>
                </step>
                <step start='1615997141303' status='passed' stop='1615997141312'>
                    <name>I see "50 results"</name>
                    <title>I see "50 results"</title>
                    <attachments/>
                    <steps/>
                </step>
                <step start='1615997141312' status='failed' stop='1615997141326'>
                    <name>I see "Composer"</name>
                    <title>I see "Composer"</title>
                    <attachments/>
                    <steps/>
                </step>
            </steps>
            <attachments>
                <attachment title='Last Seen Screenshot' source='e174ad89-2d63-4eef-a719-c6d11faad09c-attachment.png' type='image/png' size='106376'/>
            </attachments>
            <failure>
                <message></message>
                <stack-trace>undefined</stack-trace>
            </failure>
        </test-case>
        <test-case start='1615997141599' status='passed' stop='1615997142648'>
            <name>Language switcher initially loads English</name>
            <title>Language switcher initially loads English</title>
            <labels>
                <label name='testType' value='screenshotDiff'/>
            </labels>
            <parameters/>
            <steps>
                <step start='1615997141602' status='passed' stop='1615997142009'>
                    <name>I am on page "/"</name>
                    <title>I am on page "/"</title>
                    <attachments/>
                    <steps/>
                </step>
                <step start='1615997142009' status='passed' stop='1615997142260'>
                    <name>I click "Select", "button[data-test-id=select-score-modal]"</name>
                    <title>I click "Select", "button[data-test-id=select-score-modal]"</title>
                    <attachments/>
                    <steps/>
                </step>
                <step start='1615997142260' status='passed' stop='1615997142267'>
                    <name>I see "English"</name>
                    <title>I see "English"</title>
                    <attachments/>
                    <steps/>
                </step>
                <step start='1615997142267' status='passed' stop='1615997142548'>
                    <name>I save screenshot "score_modal_language_switcher_loaded.png"</name>
                    <title>I save screenshot "score_modal_language_switcher_loaded.png"</title>
                    <attachments/>
                    <steps/>
                </step>
                <step start='1615997142548' status='passed' stop='1615997142647'>
                    <name>I see visual diff "score_modal_language_switcher_loaded.png", {"tolerance":1,"prepareBaseImage":true,"outputSettings":{}}</name>
                    <title>I see visual diff "score_modal_language_switcher_loaded.png", {"tolerance":1,"prepareBaseImage":true,"outputSettings":{}}</title>
                    <attachments/>
                    <steps/>
                </step>
            </steps>
            <attachments/>
        </test-case>
        <test-case start='1615997143186' status='passed' stop='1615997144943'>
            <name>Language switcher can select Dutch language</name>
            <title>Language switcher can select Dutch language</title>
            <labels>
                <label name='testType' value='screenshotDiff'/>
            </labels>
            <parameters/>
            <steps>
                <step start='1615997143189' status='passed' stop='1615997143539'>
                    <name>I am on page "/"</name>
                    <title>I am on page "/"</title>
                    <attachments/>
                    <steps/>
                </step>
                <step start='1615997143539' status='passed' stop='1615997143779'>
                    <name>I click "Select", "button[data-test-id=select-score-modal]"</name>
                    <title>I click "Select", "button[data-test-id=select-score-modal]"</title>
                    <attachments/>
                    <steps/>
                </step>
                <step start='1615997143779' status='passed' stop='1615997143977'>
                    <name>I click "English", {"xpath":"//header//li[1]"}</name>
                    <title>I click "English", {"xpath":"//header//li[1]"}</title>
                    <attachments/>
                    <steps/>
                </step>
                <step start='1615997143977' status='passed' stop='1615997144205'>
                    <name>I click "Dutch", {"xpath":"//ul//li[2]"}</name>
                    <title>I click "Dutch", {"xpath":"//ul//li[2]"}</title>
                    <attachments/>
                    <steps/>
                </step>
                <step start='1615997144206' status='passed' stop='1615997144540'>
                    <name>I see "Nederlands"</name>
                    <title>I see "Nederlands"</title>
                    <attachments/>
                    <steps/>
                </step>
                <step start='1615997144540' status='passed' stop='1615997144838'>
                    <name>I save screenshot "score_modal_language_switcher_dutch_selected.png"</name>
                    <title>I save screenshot "score_modal_language_switcher_dutch_selected.png"</title>
                    <attachments/>
                    <steps/>
                </step>
                <step start='1615997144838' status='passed' stop='1615997144943'>
                    <name>I see visual diff "score_modal_language_switcher_dutch_selected.png", {"tolerance":1,"prepareBaseImage":true,"outputSettings":{}}</name>
                    <title>I see visual diff "score_modal_language_switcher_dutch_selected.png", {"tolerance":1,"prepareBaseImage":true,"outputSettings":{}}</title>
                    <attachments/>
                    <steps/>
                </step>
            </steps>
            <attachments/>
        </test-case>
        <test-case start='1615997145099' status='failed' stop='1615997147824'>
            <name>Selects score from modal</name>
            <title>Selects score from modal</title>
            <labels>
                <label name='testType' value='screenshotDiff'/>
            </labels>
            <parameters/>
            <steps>
                <step start='1615997145102' status='passed' stop='1615997145447'>
                    <name>I am on page "/"</name>
                    <title>I am on page "/"</title>
                    <attachments/>
                    <steps/>
                </step>
                <step start='1615997145447' status='passed' stop='1615997145689'>
                    <name>I click "Select", "button[data-test-id=select-score-modal]"</name>
                    <title>I click "Select", "button[data-test-id=select-score-modal]"</title>
                    <attachments/>
                    <steps/>
                </step>
                <step start='1615997145689' status='passed' stop='1615997147802'>
                    <name>I wait for element "//h6[contains(text(), "50 results")]", 15</name>
                    <title>I wait for element "//h6[contains(text(), "50 results")]", 15</title>
                    <attachments/>
                    <steps/>
                </step>
                <step start='1615997147802' status='failed' stop='1615997147824'>
                    <name>I click "Tis by thy strength the mountains stand", "div[data-test-id=first-search-result]"</name>
                    <title>I click "Tis by thy strength the mountains stand", "div[data-test-id=first-search-result]"</title>
                    <attachments/>
                    <steps/>
                </step>
            </steps>
            <attachments>
                <attachment title='Last Seen Screenshot' source='80eb45ee-f97a-46db-aff8-a4248c10902f-attachment.png' type='image/png' size='106376'/>
            </attachments>
            <failure>
                <message>Clickable element "Tis by thy strength the mountains stand" was not found inside element div[data-test-id=first-search-result]</message>
                <stack-trace>Error: Clickable element "Tis by thy strength the mountains stand" was not found inside element div[data-test-id=first-search-result]
                    at new ElementNotFound (/Users/demmyhonoredevries/Code/VIDEODOCK/trompa-multimodal-component/node_modules/codeceptjs/lib/helper/errors/ElementNotFound.js:14:11)
                    at assertElementExists (/Users/demmyhonoredevries/Code/VIDEODOCK/trompa-multimodal-component/node_modules/codeceptjs/lib/helper/Playwright.js:2423:11)
                    at Playwright.proceedClick (/Users/demmyhonoredevries/Code/VIDEODOCK/trompa-multimodal-component/node_modules/codeceptjs/lib/helper/Playwright.js:2180:5)</stack-trace>
            </failure>
        </test-case>
        <test-case start='1615997148092' status='failed' stop='1615997150096'>
            <name>Opens and closes source image link from modal</name>
            <title>Opens and closes source image link from modal</title>
            <labels>
                <label name='testType' value='screenshotDiff'/>
            </labels>
            <parameters/>
            <steps>
                <step start='1615997148094' status='passed' stop='1615997148094'>
                    <name>I close other tabs </name>
                    <title>I close other tabs </title>
                    <attachments/>
                    <steps/>
                </step>
                <step start='1615997148094' status='passed' stop='1615997148487'>
                    <name>I am on page "/"</name>
                    <title>I am on page "/"</title>
                    <attachments/>
                    <steps/>
                </step>
                <step start='1615997148487' status='passed' stop='1615997148721'>
                    <name>I click "Select", "button[data-test-id=select-score-modal]"</name>
                    <title>I click "Select", "button[data-test-id=select-score-modal]"</title>
                    <attachments/>
                    <steps/>
                </step>
                <step start='1615997148722' status='passed' stop='1615997150076'>
                    <name>I wait for element "//h6[contains(text(), "50 results")]", 15</name>
                    <title>I wait for element "//h6[contains(text(), "50 results")]", 15</title>
                    <attachments/>
                    <steps/>
                </step>
                <step start='1615997150077' status='failed' stop='1615997150096'>
                    <name>I click "cpdl.org", "div[data-test-id=first-search-result]"</name>
                    <title>I click "cpdl.org", "div[data-test-id=first-search-result]"</title>
                    <attachments/>
                    <steps/>
                </step>
            </steps>
            <attachments>
                <attachment title='Last Seen Screenshot' source='97b606b6-0d0c-4e70-9b1f-9cdf4e115bde-attachment.png' type='image/png' size='106376'/>
            </attachments>
            <failure>
                <message>Clickable element "cpdl.org" was not found inside element div[data-test-id=first-search-result]</message>
                <stack-trace>Error: Clickable element "cpdl.org" was not found inside element div[data-test-id=first-search-result]
                    at new ElementNotFound (/Users/demmyhonoredevries/Code/VIDEODOCK/trompa-multimodal-component/node_modules/codeceptjs/lib/helper/errors/ElementNotFound.js:14:11)
                    at assertElementExists (/Users/demmyhonoredevries/Code/VIDEODOCK/trompa-multimodal-component/node_modules/codeceptjs/lib/helper/Playwright.js:2423:11)
                    at Playwright.proceedClick (/Users/demmyhonoredevries/Code/VIDEODOCK/trompa-multimodal-component/node_modules/codeceptjs/lib/helper/Playwright.js:2180:5)</stack-trace>
            </failure>
        </test-case>
        <test-case start='1615997150377' status='passed' stop='1615997153842'>
            <name>Gives results that match query within modal</name>
            <title>Gives results that match query within modal</title>
            <labels>
                <label name='testType' value='screenshotDiff'/>
            </labels>
            <parameters/>
            <steps>
                <step start='1615997150378' status='passed' stop='1615997150723'>
                    <name>I am on page "/"</name>
                    <title>I am on page "/"</title>
                    <attachments/>
                    <steps/>
                </step>
                <step start='1615997150724' status='passed' stop='1615997150969'>
                    <name>I click "Select", "button[data-test-id=select-score-modal]"</name>
                    <title>I click "Select", "button[data-test-id=select-score-modal]"</title>
                    <attachments/>
                    <steps/>
                </step>
                <step start='1615997150969' status='passed' stop='1615997152278'>
                    <name>I wait for element "//h6[contains(text(), "50 results")]", 15</name>
                    <title>I wait for element "//h6[contains(text(), "50 results")]", 15</title>
                    <attachments/>
                    <steps/>
                </step>
                <step start='1615997152278' status='passed' stop='1615997152510'>
                    <name>I fill field "search", "Adieu"</name>
                    <title>I fill field "search", "Adieu"</title>
                    <attachments/>
                    <steps/>
                </step>
                <step start='1615997152510' status='passed' stop='1615997153466'>
                    <name>I wait for element "//h6[contains(text(), "33 results")]", 15</name>
                    <title>I wait for element "//h6[contains(text(), "33 results")]", 15</title>
                    <attachments/>
                    <steps/>
                </step>
                <step start='1615997153466' status='passed' stop='1615997153473'>
                    <name>I see "Adieu! sweet love, adieu"</name>
                    <title>I see "Adieu! sweet love, adieu"</title>
                    <attachments/>
                    <steps/>
                </step>
                <step start='1615997153473' status='passed' stop='1615997153734'>
                    <name>I save screenshot "score_modal_with_score_searched.png"</name>
                    <title>I save screenshot "score_modal_with_score_searched.png"</title>
                    <attachments/>
                    <steps/>
                </step>
                <step start='1615997153735' status='passed' stop='1615997153842'>
                    <name>I see visual diff "score_modal_with_score_searched.png", {"tolerance":1,"prepareBaseImage":true,"outputSettings":{}}</name>
                    <title>I see visual diff "score_modal_with_score_searched.png", {"tolerance":1,"prepareBaseImage":true,"outputSettings":{}}</title>
                    <attachments/>
                    <steps/>
                </step>
            </steps>
            <attachments/>
        </test-case>
        <test-case start='1615997153848' status='passed' stop='1615997155891'>
            <name>All relevant source links display in modal</name>
            <title>All relevant source links display in modal</title>
            <labels>
                <label name='testType' value='screenshotDiff'/>
            </labels>
            <parameters/>
            <steps>
                <step start='1615997153851' status='passed' stop='1615997154245'>
                    <name>I am on page "/"</name>
                    <title>I am on page "/"</title>
                    <attachments/>
                    <steps/>
                </step>
                <step start='1615997154246' status='passed' stop='1615997154492'>
                    <name>I click "Select", "button[data-test-id=select-score-modal]"</name>
                    <title>I click "Select", "button[data-test-id=select-score-modal]"</title>
                    <attachments/>
                    <steps/>
                </step>
                <step start='1615997154492' status='passed' stop='1615997155883'>
                    <name>I wait for element "//h6[contains(text(), "50 results")]", 15</name>
                    <title>I wait for element "//h6[contains(text(), "50 results")]", 15</title>
                    <attachments/>
                    <steps/>
                </step>
                <step start='1615997155883' status='passed' stop='1615997155891'>
                    <name>I see "cpdl.org"</name>
                    <title>I see "cpdl.org"</title>
                    <attachments/>
                    <steps/>
                </step>
            </steps>
            <attachments/>
        </test-case>
        <test-case start='1615997155896' status='failed' stop='1615997157824'>
            <name>Removing filters works as expected</name>
            <title>Removing filters works as expected</title>
            <labels>
                <label name='testType' value='screenshotDiff'/>
            </labels>
            <parameters/>
            <steps>
                <step start='1615997155899' status='passed' stop='1615997156242'>
                    <name>I am on page "/"</name>
                    <title>I am on page "/"</title>
                    <attachments/>
                    <steps/>
                </step>
                <step start='1615997156242' status='passed' stop='1615997156489'>
                    <name>I click "Select", "button[data-test-id=select-score-modal]"</name>
                    <title>I click "Select", "button[data-test-id=select-score-modal]"</title>
                    <attachments/>
                    <steps/>
                </step>
                <step start='1615997156489' status='passed' stop='1615997157815'>
                    <name>I wait for element "//h6[contains(text(), "50 results")]", 15</name>
                    <title>I wait for element "//h6[contains(text(), "50 results")]", 15</title>
                    <attachments/>
                    <steps/>
                </step>
                <step start='1615997157815' status='failed' stop='1615997157824'>
                    <name>I check option "Christian Prein"</name>
                    <title>I check option "Christian Prein"</title>
                    <attachments/>
                    <steps/>
                </step>
            </steps>
            <attachments>
                <attachment title='Last Seen Screenshot' source='8842e5e1-14b9-4beb-bfdb-f33cb2f53578-attachment.png' type='image/png' size='106376'/>
            </attachments>
            <failure>
                <message>Checkbox or radio "Christian Prein" was not found by text|CSS|XPath</message>
                <stack-trace>Error: Checkbox or radio "Christian Prein" was not found by text|CSS|XPath
                    at new ElementNotFound (/Users/demmyhonoredevries/Code/VIDEODOCK/trompa-multimodal-component/node_modules/codeceptjs/lib/helper/errors/ElementNotFound.js:14:11)
                    at assertElementExists (/Users/demmyhonoredevries/Code/VIDEODOCK/trompa-multimodal-component/node_modules/codeceptjs/lib/helper/Playwright.js:2423:11)
                    at Playwright._locateCheckable (/Users/demmyhonoredevries/Code/VIDEODOCK/trompa-multimodal-component/node_modules/codeceptjs/lib/helper/Playwright.js:851:5)
                    at async Playwright.checkOption (/Users/demmyhonoredevries/Code/VIDEODOCK/trompa-multimodal-component/node_modules/codeceptjs/lib/helper/Playwright.js:1096:17)</stack-trace>
            </failure>
        </test-case>
        <test-case start='1615997158136' status='failed' stop='1615997160053'>
            <name>Adding multiple filters works as expected</name>
            <title>Adding multiple filters works as expected</title>
            <labels>
                <label name='testType' value='screenshotDiff'/>
            </labels>
            <parameters/>
            <steps>
                <step start='1615997158138' status='passed' stop='1615997158493'>
                    <name>I am on page "/"</name>
                    <title>I am on page "/"</title>
                    <attachments/>
                    <steps/>
                </step>
                <step start='1615997158493' status='passed' stop='1615997158731'>
                    <name>I click "Select", "button[data-test-id=select-score-modal]"</name>
                    <title>I click "Select", "button[data-test-id=select-score-modal]"</title>
                    <attachments/>
                    <steps/>
                </step>
                <step start='1615997158731' status='passed' stop='1615997160046'>
                    <name>I wait for element "//h6[contains(text(), "50 results")]", 15</name>
                    <title>I wait for element "//h6[contains(text(), "50 results")]", 15</title>
                    <attachments/>
                    <steps/>
                </step>
                <step start='1615997160046' status='failed' stop='1615997160053'>
                    <name>I check option "Christian Prein"</name>
                    <title>I check option "Christian Prein"</title>
                    <attachments/>
                    <steps/>
                </step>
            </steps>
            <attachments>
                <attachment title='Last Seen Screenshot' source='1ab9a6e5-c0ee-466d-b107-f9cb12730537-attachment.png' type='image/png' size='106376'/>
            </attachments>
            <failure>
                <message>Checkbox or radio "Christian Prein" was not found by text|CSS|XPath</message>
                <stack-trace>Error: Checkbox or radio "Christian Prein" was not found by text|CSS|XPath
                    at new ElementNotFound (/Users/demmyhonoredevries/Code/VIDEODOCK/trompa-multimodal-component/node_modules/codeceptjs/lib/helper/errors/ElementNotFound.js:14:11)
                    at assertElementExists (/Users/demmyhonoredevries/Code/VIDEODOCK/trompa-multimodal-component/node_modules/codeceptjs/lib/helper/Playwright.js:2423:11)
                    at Playwright._locateCheckable (/Users/demmyhonoredevries/Code/VIDEODOCK/trompa-multimodal-component/node_modules/codeceptjs/lib/helper/Playwright.js:851:5)
                    at async Playwright.checkOption (/Users/demmyhonoredevries/Code/VIDEODOCK/trompa-multimodal-component/node_modules/codeceptjs/lib/helper/Playwright.js:1096:17)</stack-trace>
            </failure>
        </test-case>
    </test-cases>
</ns2:test-suite>